{"C:\\Users\\Pc\\Documents\\GitHub\\PDF-Reader\\mobile\\app\\_layout.tsx": {"path":"C:\\Users\\Pc\\Documents\\GitHub\\PDF-Reader\\mobile\\app\\_layout.tsx","statementMap":{"0":{"start":{"line":8,"column":22},"end":{"line":50,"column":1}},"1":{"start":{"line":9,"column":21},"end":{"line":9,"column":34}},"2":{"start":{"line":11,"column":19},"end":{"line":11,"column":49}},"3":{"start":{"line":12,"column":21},"end":{"line":12,"column":51}},"4":{"start":{"line":13,"column":22},"end":{"line":13,"column":52}},"5":{"start":{"line":15,"column":2},"end":{"line":49,"column":4}},"6":{"start":{"line":53,"column":2},"end":{"line":65,"column":4}}},"fnMap":{"0":{"name":"(anonymous_0)","decl":{"start":{"line":8,"column":22},"end":{"line":8,"column":23}},"loc":{"start":{"line":8,"column":28},"end":{"line":50,"column":1}},"line":8},"1":{"name":"RootLayout","decl":{"start":{"line":52,"column":24},"end":{"line":52,"column":34}},"loc":{"start":{"line":52,"column":37},"end":{"line":66,"column":1}},"line":52}},"branchMap":{"0":{"loc":{"start":{"line":11,"column":19},"end":{"line":11,"column":49}},"type":"cond-expr","locations":[{"start":{"line":11,"column":28},"end":{"line":11,"column":37}},{"start":{"line":11,"column":40},"end":{"line":11,"column":49}}],"line":11},"1":{"loc":{"start":{"line":12,"column":21},"end":{"line":12,"column":51}},"type":"cond-expr","locations":[{"start":{"line":12,"column":30},"end":{"line":12,"column":39}},{"start":{"line":12,"column":42},"end":{"line":12,"column":51}}],"line":12},"2":{"loc":{"start":{"line":13,"column":22},"end":{"line":13,"column":52}},"type":"cond-expr","locations":[{"start":{"line":13,"column":31},"end":{"line":13,"column":40}},{"start":{"line":13,"column":43},"end":{"line":13,"column":52}}],"line":13},"3":{"loc":{"start":{"line":22,"column":41},"end":{"line":22,"column":71}},"type":"cond-expr","locations":[{"start":{"line":22,"column":50},"end":{"line":22,"column":59}},{"start":{"line":22,"column":62},"end":{"line":22,"column":71}}],"line":22}},"s":{"0":0,"1":0,"2":0,"3":0,"4":0,"5":0,"6":0},"f":{"0":0,"1":0},"b":{"0":[0,0],"1":[0,0],"2":[0,0],"3":[0,0]}}
,"C:\\Users\\Pc\\Documents\\GitHub\\PDF-Reader\\mobile\\app\\index.tsx": {"path":"C:\\Users\\Pc\\Documents\\GitHub\\PDF-Reader\\mobile\\app\\index.tsx","statementMap":{"0":{"start":{"line":19,"column":20},"end":{"line":28,"column":1}},"1":{"start":{"line":30,"column":14},"end":{"line":35,"column":1}},"2":{"start":{"line":38,"column":17},"end":{"line":38,"column":28}},"3":{"start":{"line":39,"column":17},"end":{"line":39,"column":36}},"4":{"start":{"line":40,"column":38},"end":{"line":40,"column":51}},"5":{"start":{"line":41,"column":41},"end":{"line":41,"column":58}},"6":{"start":{"line":42,"column":34},"end":{"line":42,"column":55}},"7":{"start":{"line":44,"column":21},"end":{"line":44,"column":58}},"8":{"start":{"line":45,"column":21},"end":{"line":45,"column":59}},"9":{"start":{"line":46,"column":21},"end":{"line":46,"column":61}},"10":{"start":{"line":47,"column":21},"end":{"line":47,"column":58}},"11":{"start":{"line":49,"column":2},"end":{"line":62,"column":9}},"12":{"start":{"line":50,"column":4},"end":{"line":54,"column":15}},"13":{"start":{"line":56,"column":4},"end":{"line":61,"column":14}},"14":{"start":{"line":64,"column":17},"end":{"line":64,"column":47}},"15":{"start":{"line":65,"column":17},"end":{"line":65,"column":47}},"16":{"start":{"line":66,"column":17},"end":{"line":66,"column":47}},"17":{"start":{"line":67,"column":17},"end":{"line":67,"column":47}},"18":{"start":{"line":68,"column":17},"end":{"line":68,"column":47}},"19":{"start":{"line":70,"column":21},"end":{"line":75,"column":3}},"20":{"start":{"line":71,"column":4},"end":{"line":71,"column":59}},"21":{"start":{"line":72,"column":4},"end":{"line":74,"column":28}},"22":{"start":{"line":72,"column":28},"end":{"line":72,"column":46}},"23":{"start":{"line":73,"column":9},"end":{"line":74,"column":28}},"24":{"start":{"line":73,"column":32},"end":{"line":73,"column":49}},"25":{"start":{"line":74,"column":9},"end":{"line":74,"column":28}},"26":{"start":{"line":77,"column":20},"end":{"line":77,"column":77}},"27":{"start":{"line":79,"column":22},"end":{"line":79,"column":40}},"28":{"start":{"line":80,"column":15},"end":{"line":80,"column":34}},"29":{"start":{"line":81,"column":23},"end":{"line":81,"column":25}},"30":{"start":{"line":82,"column":19},"end":{"line":82,"column":21}},"31":{"start":{"line":83,"column":24},"end":{"line":83,"column":84}},"32":{"start":{"line":85,"column":2},"end":{"line":268,"column":4}},"33":{"start":{"line":109,"column":33},"end":{"line":109,"column":88}},"34":{"start":{"line":109,"column":89},"end":{"line":109,"column":122}},"35":{"start":{"line":139,"column":20},"end":{"line":141,"column":27}},"36":{"start":{"line":161,"column":33},"end":{"line":161,"column":88}},"37":{"start":{"line":161,"column":89},"end":{"line":161,"column":102}},"38":{"start":{"line":173,"column":12},"end":{"line":184,"column":28}},"39":{"start":{"line":197,"column":29},"end":{"line":197,"column":50}},"40":{"start":{"line":205,"column":14},"end":{"line":220,"column":33}},"41":{"start":{"line":208,"column":18},"end":{"line":208,"column":73}},"42":{"start":{"line":209,"column":18},"end":{"line":209,"column":49}},"43":{"start":{"line":250,"column":29},"end":{"line":250,"column":85}},"44":{"start":{"line":250,"column":86},"end":{"line":250,"column":108}},"45":{"start":{"line":271,"column":15},"end":{"line":400,"column":2}}},"fnMap":{"0":{"name":"HomeScreen","decl":{"start":{"line":37,"column":24},"end":{"line":37,"column":34}},"loc":{"start":{"line":37,"column":37},"end":{"line":269,"column":1}},"line":37},"1":{"name":"(anonymous_1)","decl":{"start":{"line":49,"column":12},"end":{"line":49,"column":13}},"loc":{"start":{"line":49,"column":18},"end":{"line":62,"column":3}},"line":49},"2":{"name":"(anonymous_2)","decl":{"start":{"line":70,"column":21},"end":{"line":70,"column":22}},"loc":{"start":{"line":70,"column":27},"end":{"line":75,"column":3}},"line":70},"3":{"name":"(anonymous_3)","decl":{"start":{"line":109,"column":25},"end":{"line":109,"column":26}},"loc":{"start":{"line":109,"column":31},"end":{"line":109,"column":124}},"line":109},"4":{"name":"(anonymous_4)","decl":{"start":{"line":138,"column":70},"end":{"line":138,"column":71}},"loc":{"start":{"line":139,"column":20},"end":{"line":141,"column":27}},"line":139},"5":{"name":"(anonymous_5)","decl":{"start":{"line":161,"column":25},"end":{"line":161,"column":26}},"loc":{"start":{"line":161,"column":31},"end":{"line":161,"column":104}},"line":161},"6":{"name":"(anonymous_6)","decl":{"start":{"line":172,"column":21},"end":{"line":172,"column":22}},"loc":{"start":{"line":173,"column":12},"end":{"line":184,"column":28}},"line":173},"7":{"name":"(anonymous_7)","decl":{"start":{"line":197,"column":23},"end":{"line":197,"column":24}},"loc":{"start":{"line":197,"column":29},"end":{"line":197,"column":50}},"line":197},"8":{"name":"(anonymous_8)","decl":{"start":{"line":204,"column":29},"end":{"line":204,"column":30}},"loc":{"start":{"line":205,"column":14},"end":{"line":220,"column":33}},"line":205},"9":{"name":"(anonymous_9)","decl":{"start":{"line":207,"column":25},"end":{"line":207,"column":26}},"loc":{"start":{"line":207,"column":31},"end":{"line":210,"column":17}},"line":207},"10":{"name":"(anonymous_10)","decl":{"start":{"line":250,"column":21},"end":{"line":250,"column":22}},"loc":{"start":{"line":250,"column":27},"end":{"line":250,"column":110}},"line":250}},"branchMap":{"0":{"loc":{"start":{"line":64,"column":17},"end":{"line":64,"column":47}},"type":"cond-expr","locations":[{"start":{"line":64,"column":26},"end":{"line":64,"column":35}},{"start":{"line":64,"column":38},"end":{"line":64,"column":47}}],"line":64},"1":{"loc":{"start":{"line":65,"column":17},"end":{"line":65,"column":47}},"type":"cond-expr","locations":[{"start":{"line":65,"column":26},"end":{"line":65,"column":35}},{"start":{"line":65,"column":38},"end":{"line":65,"column":47}}],"line":65},"2":{"loc":{"start":{"line":66,"column":17},"end":{"line":66,"column":47}},"type":"cond-expr","locations":[{"start":{"line":66,"column":26},"end":{"line":66,"column":35}},{"start":{"line":66,"column":38},"end":{"line":66,"column":47}}],"line":66},"3":{"loc":{"start":{"line":67,"column":17},"end":{"line":67,"column":47}},"type":"cond-expr","locations":[{"start":{"line":67,"column":26},"end":{"line":67,"column":35}},{"start":{"line":67,"column":38},"end":{"line":67,"column":47}}],"line":67},"4":{"loc":{"start":{"line":68,"column":17},"end":{"line":68,"column":47}},"type":"cond-expr","locations":[{"start":{"line":68,"column":26},"end":{"line":68,"column":35}},{"start":{"line":68,"column":38},"end":{"line":68,"column":47}}],"line":68},"5":{"loc":{"start":{"line":72,"column":4},"end":{"line":74,"column":28}},"type":"if","locations":[{"start":{"line":72,"column":4},"end":{"line":74,"column":28}},{"start":{"line":73,"column":9},"end":{"line":74,"column":28}}],"line":72},"6":{"loc":{"start":{"line":73,"column":9},"end":{"line":74,"column":28}},"type":"if","locations":[{"start":{"line":73,"column":9},"end":{"line":74,"column":28}},{"start":{"line":74,"column":9},"end":{"line":74,"column":28}}],"line":73},"7":{"loc":{"start":{"line":77,"column":20},"end":{"line":77,"column":77}},"type":"cond-expr","locations":[{"start":{"line":77,"column":39},"end":{"line":77,"column":43}},{"start":{"line":77,"column":46},"end":{"line":77,"column":77}}],"line":77},"8":{"loc":{"start":{"line":77,"column":46},"end":{"line":77,"column":77}},"type":"cond-expr","locations":[{"start":{"line":77,"column":66},"end":{"line":77,"column":70}},{"start":{"line":77,"column":73},"end":{"line":77,"column":77}}],"line":77},"9":{"loc":{"start":{"line":80,"column":15},"end":{"line":80,"column":34}},"type":"cond-expr","locations":[{"start":{"line":80,"column":29},"end":{"line":80,"column":30}},{"start":{"line":80,"column":33},"end":{"line":80,"column":34}}],"line":80},"10":{"loc":{"start":{"line":99,"column":33},"end":{"line":99,"column":68}},"type":"binary-expr","locations":[{"start":{"line":99,"column":33},"end":{"line":99,"column":44}},{"start":{"line":99,"column":48},"end":{"line":99,"column":68}}],"line":99},"11":{"loc":{"start":{"line":116,"column":13},"end":{"line":126,"column":13}},"type":"binary-expr","locations":[{"start":{"line":116,"column":13},"end":{"line":116,"column":25}},{"start":{"line":117,"column":14},"end":{"line":125,"column":30}}],"line":116},"12":{"loc":{"start":{"line":128,"column":25},"end":{"line":128,"column":78}},"type":"cond-expr","locations":[{"start":{"line":128,"column":39},"end":{"line":128,"column":66}},{"start":{"line":128,"column":69},"end":{"line":128,"column":78}}],"line":128},"13":{"loc":{"start":{"line":129,"column":15},"end":{"line":133,"column":15}},"type":"binary-expr","locations":[{"start":{"line":129,"column":15},"end":{"line":129,"column":26}},{"start":{"line":130,"column":16},"end":{"line":132,"column":32}}],"line":129},"14":{"loc":{"start":{"line":150,"column":9},"end":{"line":168,"column":9}},"type":"binary-expr","locations":[{"start":{"line":150,"column":9},"end":{"line":150,"column":23}},{"start":{"line":151,"column":10},"end":{"line":167,"column":26}}],"line":150},"15":{"loc":{"start":{"line":238,"column":64},"end":{"line":238,"column":94}},"type":"cond-expr","locations":[{"start":{"line":238,"column":73},"end":{"line":238,"column":82}},{"start":{"line":238,"column":85},"end":{"line":238,"column":94}}],"line":238}},"s":{"0":0,"1":0,"2":0,"3":0,"4":0,"5":0,"6":0,"7":0,"8":0,"9":0,"10":0,"11":0,"12":0,"13":0,"14":0,"15":0,"16":0,"17":0,"18":0,"19":0,"20":0,"21":0,"22":0,"23":0,"24":0,"25":0,"26":0,"27":0,"28":0,"29":0,"30":0,"31":0,"32":0,"33":0,"34":0,"35":0,"36":0,"37":0,"38":0,"39":0,"40":0,"41":0,"42":0,"43":0,"44":0,"45":0},"f":{"0":0,"1":0,"2":0,"3":0,"4":0,"5":0,"6":0,"7":0,"8":0,"9":0,"10":0},"b":{"0":[0,0],"1":[0,0],"2":[0,0],"3":[0,0],"4":[0,0],"5":[0,0],"6":[0,0],"7":[0,0],"8":[0,0],"9":[0,0],"10":[0,0],"11":[0,0],"12":[0,0],"13":[0,0],"14":[0,0],"15":[0,0]}}
,"C:\\Users\\Pc\\Documents\\GitHub\\PDF-Reader\\mobile\\app\\tools.tsx": {"path":"C:\\Users\\Pc\\Documents\\GitHub\\PDF-Reader\\mobile\\app\\tools.tsx","statementMap":{"0":{"start":{"line":35,"column":37},"end":{"line":91,"column":1}},"1":{"start":{"line":94,"column":18},"end":{"line":94,"column":29}},"2":{"start":{"line":95,"column":18},"end":{"line":95,"column":37}},"3":{"start":{"line":96,"column":21},"end":{"line":96,"column":34}},"4":{"start":{"line":98,"column":19},"end":{"line":98,"column":56}},"5":{"start":{"line":99,"column":28},"end":{"line":99,"column":40}},"6":{"start":{"line":101,"column":2},"end":{"line":103,"column":9}},"7":{"start":{"line":102,"column":4},"end":{"line":102,"column":92}},"8":{"start":{"line":105,"column":17},"end":{"line":105,"column":47}},"9":{"start":{"line":106,"column":17},"end":{"line":106,"column":47}},"10":{"start":{"line":107,"column":17},"end":{"line":107,"column":47}},"11":{"start":{"line":108,"column":17},"end":{"line":108,"column":47}},"12":{"start":{"line":109,"column":17},"end":{"line":109,"column":47}},"13":{"start":{"line":110,"column":18},"end":{"line":110,"column":48}},"14":{"start":{"line":111,"column":17},"end":{"line":111,"column":26}},"15":{"start":{"line":113,"column":27},"end":{"line":126,"column":13}},"16":{"start":{"line":114,"column":4},"end":{"line":114,"column":44}},"17":{"start":{"line":114,"column":23},"end":{"line":114,"column":44}},"18":{"start":{"line":115,"column":14},"end":{"line":115,"column":33}},"19":{"start":{"line":116,"column":4},"end":{"line":125,"column":50}},"20":{"start":{"line":117,"column":23},"end":{"line":124,"column":7}},"21":{"start":{"line":121,"column":12},"end":{"line":122,"column":47}},"22":{"start":{"line":125,"column":25},"end":{"line":125,"column":48}},"23":{"start":{"line":128,"column":34},"end":{"line":131,"column":31}},"24":{"start":{"line":129,"column":4},"end":{"line":129,"column":33}},"25":{"start":{"line":129,"column":23},"end":{"line":129,"column":33}},"26":{"start":{"line":130,"column":4},"end":{"line":130,"column":49}},"27":{"start":{"line":130,"column":41},"end":{"line":130,"column":47}},"28":{"start":{"line":133,"column":22},"end":{"line":133,"column":45}},"29":{"start":{"line":135,"column":21},"end":{"line":154,"column":3}},"30":{"start":{"line":136,"column":4},"end":{"line":153,"column":23}},"31":{"start":{"line":140,"column":8},"end":{"line":140,"column":63}},"32":{"start":{"line":141,"column":8},"end":{"line":141,"column":39}},"33":{"start":{"line":156,"column":2},"end":{"line":234,"column":4}},"34":{"start":{"line":177,"column":47},"end":{"line":177,"column":59}},"35":{"start":{"line":189,"column":36},"end":{"line":189,"column":43}},"36":{"start":{"line":196,"column":40},"end":{"line":196,"column":56}},"37":{"start":{"line":207,"column":31},"end":{"line":207,"column":43}},"38":{"start":{"line":217,"column":36},"end":{"line":217,"column":43}},"39":{"start":{"line":221,"column":14},"end":{"line":227,"column":21}},"40":{"start":{"line":229,"column":38},"end":{"line":229,"column":54}},"41":{"start":{"line":237,"column":15},"end":{"line":283,"column":2}}},"fnMap":{"0":{"name":"ToolsScreen","decl":{"start":{"line":93,"column":24},"end":{"line":93,"column":35}},"loc":{"start":{"line":93,"column":38},"end":{"line":235,"column":1}},"line":93},"1":{"name":"(anonymous_1)","decl":{"start":{"line":101,"column":12},"end":{"line":101,"column":13}},"loc":{"start":{"line":101,"column":18},"end":{"line":103,"column":3}},"line":101},"2":{"name":"(anonymous_2)","decl":{"start":{"line":113,"column":35},"end":{"line":113,"column":36}},"loc":{"start":{"line":113,"column":41},"end":{"line":126,"column":3}},"line":113},"3":{"name":"(anonymous_3)","decl":{"start":{"line":117,"column":11},"end":{"line":117,"column":12}},"loc":{"start":{"line":117,"column":23},"end":{"line":124,"column":7}},"line":117},"4":{"name":"(anonymous_4)","decl":{"start":{"line":120,"column":10},"end":{"line":120,"column":11}},"loc":{"start":{"line":121,"column":12},"end":{"line":122,"column":47}},"line":121},"5":{"name":"(anonymous_5)","decl":{"start":{"line":125,"column":14},"end":{"line":125,"column":15}},"loc":{"start":{"line":125,"column":25},"end":{"line":125,"column":48}},"line":125},"6":{"name":"(anonymous_6)","decl":{"start":{"line":128,"column":42},"end":{"line":128,"column":43}},"loc":{"start":{"line":128,"column":48},"end":{"line":131,"column":3}},"line":128},"7":{"name":"(anonymous_7)","decl":{"start":{"line":130,"column":36},"end":{"line":130,"column":37}},"loc":{"start":{"line":130,"column":41},"end":{"line":130,"column":47}},"line":130},"8":{"name":"(anonymous_8)","decl":{"start":{"line":135,"column":21},"end":{"line":135,"column":22}},"loc":{"start":{"line":136,"column":4},"end":{"line":153,"column":23}},"line":136},"9":{"name":"(anonymous_9)","decl":{"start":{"line":139,"column":15},"end":{"line":139,"column":16}},"loc":{"start":{"line":139,"column":21},"end":{"line":142,"column":7}},"line":139},"10":{"name":"(anonymous_10)","decl":{"start":{"line":177,"column":41},"end":{"line":177,"column":42}},"loc":{"start":{"line":177,"column":47},"end":{"line":177,"column":59}},"line":177},"11":{"name":"(anonymous_11)","decl":{"start":{"line":189,"column":28},"end":{"line":189,"column":29}},"loc":{"start":{"line":189,"column":36},"end":{"line":189,"column":43}},"line":189},"12":{"name":"(anonymous_12)","decl":{"start":{"line":196,"column":26},"end":{"line":196,"column":27}},"loc":{"start":{"line":196,"column":40},"end":{"line":196,"column":56}},"line":196},"13":{"name":"(anonymous_13)","decl":{"start":{"line":207,"column":25},"end":{"line":207,"column":26}},"loc":{"start":{"line":207,"column":31},"end":{"line":207,"column":43}},"line":207},"14":{"name":"(anonymous_14)","decl":{"start":{"line":217,"column":26},"end":{"line":217,"column":27}},"loc":{"start":{"line":217,"column":36},"end":{"line":217,"column":43}},"line":217},"15":{"name":"(anonymous_15)","decl":{"start":{"line":220,"column":33},"end":{"line":220,"column":34}},"loc":{"start":{"line":221,"column":14},"end":{"line":227,"column":21}},"line":221},"16":{"name":"(anonymous_16)","decl":{"start":{"line":229,"column":24},"end":{"line":229,"column":25}},"loc":{"start":{"line":229,"column":38},"end":{"line":229,"column":54}},"line":229}},"branchMap":{"0":{"loc":{"start":{"line":105,"column":17},"end":{"line":105,"column":47}},"type":"cond-expr","locations":[{"start":{"line":105,"column":26},"end":{"line":105,"column":35}},{"start":{"line":105,"column":38},"end":{"line":105,"column":47}}],"line":105},"1":{"loc":{"start":{"line":106,"column":17},"end":{"line":106,"column":47}},"type":"cond-expr","locations":[{"start":{"line":106,"column":26},"end":{"line":106,"column":35}},{"start":{"line":106,"column":38},"end":{"line":106,"column":47}}],"line":106},"2":{"loc":{"start":{"line":107,"column":17},"end":{"line":107,"column":47}},"type":"cond-expr","locations":[{"start":{"line":107,"column":26},"end":{"line":107,"column":35}},{"start":{"line":107,"column":38},"end":{"line":107,"column":47}}],"line":107},"3":{"loc":{"start":{"line":108,"column":17},"end":{"line":108,"column":47}},"type":"cond-expr","locations":[{"start":{"line":108,"column":26},"end":{"line":108,"column":35}},{"start":{"line":108,"column":38},"end":{"line":108,"column":47}}],"line":108},"4":{"loc":{"start":{"line":109,"column":17},"end":{"line":109,"column":47}},"type":"cond-expr","locations":[{"start":{"line":109,"column":26},"end":{"line":109,"column":35}},{"start":{"line":109,"column":38},"end":{"line":109,"column":47}}],"line":109},"5":{"loc":{"start":{"line":110,"column":18},"end":{"line":110,"column":48}},"type":"cond-expr","locations":[{"start":{"line":110,"column":27},"end":{"line":110,"column":36}},{"start":{"line":110,"column":39},"end":{"line":110,"column":48}}],"line":110},"6":{"loc":{"start":{"line":114,"column":4},"end":{"line":114,"column":44}},"type":"if","locations":[{"start":{"line":114,"column":4},"end":{"line":114,"column":44}},{"start":{},"end":{}}],"line":114},"7":{"loc":{"start":{"line":121,"column":12},"end":{"line":122,"column":47}},"type":"binary-expr","locations":[{"start":{"line":121,"column":12},"end":{"line":121,"column":47}},{"start":{"line":122,"column":12},"end":{"line":122,"column":47}}],"line":121},"8":{"loc":{"start":{"line":129,"column":4},"end":{"line":129,"column":33}},"type":"if","locations":[{"start":{"line":129,"column":4},"end":{"line":129,"column":33}},{"start":{},"end":{}}],"line":129},"9":{"loc":{"start":{"line":158,"column":27},"end":{"line":158,"column":68}},"type":"cond-expr","locations":[{"start":{"line":158,"column":36},"end":{"line":158,"column":51}},{"start":{"line":158,"column":54},"end":{"line":158,"column":68}}],"line":158},"10":{"loc":{"start":{"line":176,"column":13},"end":{"line":180,"column":13}},"type":"binary-expr","locations":[{"start":{"line":176,"column":13},"end":{"line":176,"column":29}},{"start":{"line":177,"column":14},"end":{"line":179,"column":33}}],"line":176},"11":{"loc":{"start":{"line":185,"column":9},"end":{"line":231,"column":9}},"type":"cond-expr","locations":[{"start":{"line":186,"column":10},"end":{"line":212,"column":11}},{"start":{"line":215,"column":10},"end":{"line":230,"column":12}}],"line":185},"12":{"loc":{"start":{"line":186,"column":10},"end":{"line":212,"column":11}},"type":"cond-expr","locations":[{"start":{"line":187,"column":12},"end":{"line":197,"column":14}},{"start":{"line":199,"column":12},"end":{"line":211,"column":19}}],"line":186},"13":{"loc":{"start":{"line":193,"column":46},"end":{"line":193,"column":81}},"type":"cond-expr","locations":[{"start":{"line":193,"column":73},"end":{"line":193,"column":76}},{"start":{"line":193,"column":79},"end":{"line":193,"column":81}}],"line":193}},"s":{"0":0,"1":0,"2":0,"3":0,"4":0,"5":0,"6":0,"7":0,"8":0,"9":0,"10":0,"11":0,"12":0,"13":0,"14":0,"15":0,"16":0,"17":0,"18":0,"19":0,"20":0,"21":0,"22":0,"23":0,"24":0,"25":0,"26":0,"27":0,"28":0,"29":0,"30":0,"31":0,"32":0,"33":0,"34":0,"35":0,"36":0,"37":0,"38":0,"39":0,"40":0,"41":0},"f":{"0":0,"1":0,"2":0,"3":0,"4":0,"5":0,"6":0,"7":0,"8":0,"9":0,"10":0,"11":0,"12":0,"13":0,"14":0,"15":0,"16":0},"b":{"0":[0,0],"1":[0,0],"2":[0,0],"3":[0,0],"4":[0,0],"5":[0,0],"6":[0,0],"7":[0,0],"8":[0,0],"9":[0,0],"10":[0,0],"11":[0,0],"12":[0,0],"13":[0,0]}}
,"C:\\Users\\Pc\\Documents\\GitHub\\PDF-Reader\\mobile\\app\\components\\PagePlaceholder.tsx": {"path":"C:\\Users\\Pc\\Documents\\GitHub\\PDF-Reader\\mobile\\app\\components\\PagePlaceholder.tsx","statementMap":{"0":{"start":{"line":19,"column":21},"end":{"line":19,"column":34}},"1":{"start":{"line":21,"column":22},"end":{"line":21,"column":75}},"2":{"start":{"line":22,"column":20},"end":{"line":22,"column":73}},"3":{"start":{"line":23,"column":18},"end":{"line":23,"column":48}},"4":{"start":{"line":26,"column":4},"end":{"line":47,"column":11}},"5":{"start":{"line":50,"column":2},"end":{"line":56,"column":3}},"6":{"start":{"line":51,"column":4},"end":{"line":55,"column":6}},"7":{"start":{"line":57,"column":2},"end":{"line":57,"column":15}},"8":{"start":{"line":60,"column":15},"end":{"line":124,"column":2}}},"fnMap":{"0":{"name":"PagePlaceholder","decl":{"start":{"line":13,"column":24},"end":{"line":13,"column":39}},"loc":{"start":{"line":18,"column":25},"end":{"line":58,"column":1}},"line":18}},"branchMap":{"0":{"loc":{"start":{"line":15,"column":2},"end":{"line":15,"column":18}},"type":"default-arg","locations":[{"start":{"line":15,"column":13},"end":{"line":15,"column":18}}],"line":15},"1":{"loc":{"start":{"line":17,"column":2},"end":{"line":17,"column":20}},"type":"default-arg","locations":[{"start":{"line":17,"column":15},"end":{"line":17,"column":20}}],"line":17},"2":{"loc":{"start":{"line":21,"column":22},"end":{"line":21,"column":75}},"type":"cond-expr","locations":[{"start":{"line":21,"column":33},"end":{"line":21,"column":42}},{"start":{"line":21,"column":45},"end":{"line":21,"column":75}}],"line":21},"3":{"loc":{"start":{"line":21,"column":45},"end":{"line":21,"column":75}},"type":"cond-expr","locations":[{"start":{"line":21,"column":54},"end":{"line":21,"column":63}},{"start":{"line":21,"column":66},"end":{"line":21,"column":75}}],"line":21},"4":{"loc":{"start":{"line":22,"column":20},"end":{"line":22,"column":73}},"type":"cond-expr","locations":[{"start":{"line":22,"column":31},"end":{"line":22,"column":40}},{"start":{"line":22,"column":43},"end":{"line":22,"column":73}}],"line":22},"5":{"loc":{"start":{"line":22,"column":43},"end":{"line":22,"column":73}},"type":"cond-expr","locations":[{"start":{"line":22,"column":52},"end":{"line":22,"column":61}},{"start":{"line":22,"column":64},"end":{"line":22,"column":73}}],"line":22},"6":{"loc":{"start":{"line":23,"column":18},"end":{"line":23,"column":48}},"type":"cond-expr","locations":[{"start":{"line":23,"column":27},"end":{"line":23,"column":36}},{"start":{"line":23,"column":39},"end":{"line":23,"column":48}}],"line":23},"7":{"loc":{"start":{"line":27,"column":7},"end":{"line":31,"column":7}},"type":"binary-expr","locations":[{"start":{"line":27,"column":7},"end":{"line":27,"column":15}},{"start":{"line":28,"column":8},"end":{"line":30,"column":15}}],"line":27},"8":{"loc":{"start":{"line":32,"column":7},"end":{"line":34,"column":7}},"type":"binary-expr","locations":[{"start":{"line":32,"column":7},"end":{"line":32,"column":17}},{"start":{"line":32,"column":21},"end":{"line":32,"column":30}},{"start":{"line":33,"column":8},"end":{"line":33,"column":89}}],"line":32},"9":{"loc":{"start":{"line":33,"column":58},"end":{"line":33,"column":82}},"type":"cond-expr","locations":[{"start":{"line":33,"column":67},"end":{"line":33,"column":73}},{"start":{"line":33,"column":76},"end":{"line":33,"column":82}}],"line":33},"10":{"loc":{"start":{"line":37,"column":16},"end":{"line":37,"column":112}},"type":"cond-expr","locations":[{"start":{"line":37,"column":27},"end":{"line":37,"column":53}},{"start":{"line":37,"column":56},"end":{"line":37,"column":112}}],"line":37},"11":{"loc":{"start":{"line":37,"column":56},"end":{"line":37,"column":112}},"type":"cond-expr","locations":[{"start":{"line":37,"column":65},"end":{"line":37,"column":87}},{"start":{"line":37,"column":90},"end":{"line":37,"column":112}}],"line":37},"12":{"loc":{"start":{"line":40,"column":57},"end":{"line":40,"column":112}},"type":"cond-expr","locations":[{"start":{"line":40,"column":68},"end":{"line":40,"column":79}},{"start":{"line":40,"column":82},"end":{"line":40,"column":112}}],"line":40},"13":{"loc":{"start":{"line":40,"column":82},"end":{"line":40,"column":112}},"type":"cond-expr","locations":[{"start":{"line":40,"column":91},"end":{"line":40,"column":100}},{"start":{"line":40,"column":103},"end":{"line":40,"column":112}}],"line":40},"14":{"loc":{"start":{"line":41,"column":57},"end":{"line":41,"column":112}},"type":"cond-expr","locations":[{"start":{"line":41,"column":68},"end":{"line":41,"column":79}},{"start":{"line":41,"column":82},"end":{"line":41,"column":112}}],"line":41},"15":{"loc":{"start":{"line":41,"column":82},"end":{"line":41,"column":112}},"type":"cond-expr","locations":[{"start":{"line":41,"column":91},"end":{"line":41,"column":100}},{"start":{"line":41,"column":103},"end":{"line":41,"column":112}}],"line":41},"16":{"loc":{"start":{"line":42,"column":57},"end":{"line":42,"column":112}},"type":"cond-expr","locations":[{"start":{"line":42,"column":68},"end":{"line":42,"column":79}},{"start":{"line":42,"column":82},"end":{"line":42,"column":112}}],"line":42},"17":{"loc":{"start":{"line":42,"column":82},"end":{"line":42,"column":112}},"type":"cond-expr","locations":[{"start":{"line":42,"column":91},"end":{"line":42,"column":100}},{"start":{"line":42,"column":103},"end":{"line":42,"column":112}}],"line":42},"18":{"loc":{"start":{"line":43,"column":57},"end":{"line":43,"column":112}},"type":"cond-expr","locations":[{"start":{"line":43,"column":68},"end":{"line":43,"column":79}},{"start":{"line":43,"column":82},"end":{"line":43,"column":112}}],"line":43},"19":{"loc":{"start":{"line":43,"column":82},"end":{"line":43,"column":112}},"type":"cond-expr","locations":[{"start":{"line":43,"column":91},"end":{"line":43,"column":100}},{"start":{"line":43,"column":103},"end":{"line":43,"column":112}}],"line":43},"20":{"loc":{"start":{"line":50,"column":2},"end":{"line":56,"column":3}},"type":"if","locations":[{"start":{"line":50,"column":2},"end":{"line":56,"column":3}},{"start":{},"end":{}}],"line":50}},"s":{"0":0,"1":0,"2":0,"3":0,"4":0,"5":0,"6":0,"7":0,"8":0},"f":{"0":0},"b":{"0":[0],"1":[0],"2":[0,0],"3":[0,0],"4":[0,0],"5":[0,0],"6":[0,0],"7":[0,0],"8":[0,0,0],"9":[0,0],"10":[0,0],"11":[0,0],"12":[0,0],"13":[0,0],"14":[0,0],"15":[0,0],"16":[0,0],"17":[0,0],"18":[0,0],"19":[0,0],"20":[0,0]}}
,"C:\\Users\\Pc\\Documents\\GitHub\\PDF-Reader\\mobile\\app\\components\\ToolShell.tsx": {"path":"C:\\Users\\Pc\\Documents\\GitHub\\PDF-Reader\\mobile\\app\\components\\ToolShell.tsx","statementMap":{"0":{"start":{"line":43,"column":17},"end":{"line":43,"column":28}},"1":{"start":{"line":44,"column":17},"end":{"line":44,"column":36}},"2":{"start":{"line":45,"column":21},"end":{"line":45,"column":34}},"3":{"start":{"line":46,"column":32},"end":{"line":46,"column":49}},"4":{"start":{"line":47,"column":30},"end":{"line":47,"column":58}},"5":{"start":{"line":48,"column":34},"end":{"line":48,"column":45}},"6":{"start":{"line":49,"column":44},"end":{"line":49,"column":56}},"7":{"start":{"line":50,"column":34},"end":{"line":50,"column":46}},"8":{"start":{"line":51,"column":38},"end":{"line":51,"column":67}},"9":{"start":{"line":53,"column":18},"end":{"line":53,"column":48}},"10":{"start":{"line":54,"column":18},"end":{"line":54,"column":48}},"11":{"start":{"line":55,"column":18},"end":{"line":55,"column":48}},"12":{"start":{"line":56,"column":18},"end":{"line":56,"column":48}},"13":{"start":{"line":57,"column":18},"end":{"line":57,"column":48}},"14":{"start":{"line":58,"column":18},"end":{"line":58,"column":48}},"15":{"start":{"line":60,"column":25},"end":{"line":63,"column":8}},"16":{"start":{"line":61,"column":4},"end":{"line":61,"column":49}},"17":{"start":{"line":62,"column":4},"end":{"line":62,"column":39}},"18":{"start":{"line":62,"column":15},"end":{"line":62,"column":39}},"19":{"start":{"line":65,"column":24},"end":{"line":84,"column":3}},"20":{"start":{"line":66,"column":4},"end":{"line":83,"column":5}},"21":{"start":{"line":67,"column":6},"end":{"line":67,"column":62}},"22":{"start":{"line":68,"column":6},"end":{"line":68,"column":30}},"23":{"start":{"line":69,"column":6},"end":{"line":69,"column":21}},"24":{"start":{"line":70,"column":6},"end":{"line":70,"column":49}},"25":{"start":{"line":71,"column":21},"end":{"line":71,"column":52}},"26":{"start":{"line":72,"column":6},"end":{"line":72,"column":40}},"27":{"start":{"line":72,"column":18},"end":{"line":72,"column":40}},"28":{"start":{"line":73,"column":6},"end":{"line":73,"column":23}},"29":{"start":{"line":74,"column":6},"end":{"line":74,"column":32}},"30":{"start":{"line":75,"column":6},"end":{"line":75,"column":26}},"31":{"start":{"line":76,"column":6},"end":{"line":76,"column":74}},"32":{"start":{"line":78,"column":6},"end":{"line":78,"column":63}},"33":{"start":{"line":79,"column":6},"end":{"line":79,"column":25}},"34":{"start":{"line":80,"column":6},"end":{"line":80,"column":72}},"35":{"start":{"line":82,"column":6},"end":{"line":82,"column":46}},"36":{"start":{"line":86,"column":25},"end":{"line":92,"column":3}},"37":{"start":{"line":87,"column":4},"end":{"line":87,"column":59}},"38":{"start":{"line":88,"column":4},"end":{"line":88,"column":50}},"39":{"start":{"line":88,"column":20},"end":{"line":88,"column":50}},"40":{"start":{"line":89,"column":4},"end":{"line":89,"column":22}},"41":{"start":{"line":90,"column":4},"end":{"line":90,"column":19}},"42":{"start":{"line":91,"column":4},"end":{"line":91,"column":25}},"43":{"start":{"line":94,"column":22},"end":{"line":103,"column":3}},"44":{"start":{"line":95,"column":4},"end":{"line":95,"column":28}},"45":{"start":{"line":95,"column":21},"end":{"line":95,"column":28}},"46":{"start":{"line":96,"column":4},"end":{"line":102,"column":18}},"47":{"start":{"line":97,"column":6},"end":{"line":101,"column":9}},"48":{"start":{"line":105,"column":22},"end":{"line":112,"column":3}},"49":{"start":{"line":106,"column":4},"end":{"line":106,"column":59}},"50":{"start":{"line":107,"column":4},"end":{"line":107,"column":22}},"51":{"start":{"line":108,"column":4},"end":{"line":108,"column":19}},"52":{"start":{"line":109,"column":4},"end":{"line":109,"column":25}},"53":{"start":{"line":110,"column":4},"end":{"line":110,"column":20}},"54":{"start":{"line":111,"column":4},"end":{"line":111,"column":24}},"55":{"start":{"line":114,"column":27},"end":{"line":114,"column":41}},"56":{"start":{"line":116,"column":2},"end":{"line":215,"column":4}},"57":{"start":{"line":122,"column":64},"end":{"line":122,"column":77}},"58":{"start":{"line":218,"column":15},"end":{"line":263,"column":2}}},"fnMap":{"0":{"name":"ToolShell","decl":{"start":{"line":33,"column":24},"end":{"line":33,"column":33}},"loc":{"start":{"line":42,"column":19},"end":{"line":216,"column":1}},"line":42},"1":{"name":"(anonymous_1)","decl":{"start":{"line":60,"column":37},"end":{"line":60,"column":38}},"loc":{"start":{"line":60,"column":70},"end":{"line":63,"column":3}},"line":60},"2":{"name":"(anonymous_2)","decl":{"start":{"line":65,"column":24},"end":{"line":65,"column":25}},"loc":{"start":{"line":65,"column":36},"end":{"line":84,"column":3}},"line":65},"3":{"name":"(anonymous_3)","decl":{"start":{"line":82,"column":36},"end":{"line":82,"column":37}},"loc":{"start":{"line":82,"column":42},"end":{"line":82,"column":44}},"line":82},"4":{"name":"(anonymous_4)","decl":{"start":{"line":86,"column":25},"end":{"line":86,"column":26}},"loc":{"start":{"line":86,"column":31},"end":{"line":92,"column":3}},"line":86},"5":{"name":"(anonymous_5)","decl":{"start":{"line":94,"column":22},"end":{"line":94,"column":23}},"loc":{"start":{"line":94,"column":34},"end":{"line":103,"column":3}},"line":94},"6":{"name":"(anonymous_6)","decl":{"start":{"line":105,"column":22},"end":{"line":105,"column":23}},"loc":{"start":{"line":105,"column":28},"end":{"line":112,"column":3}},"line":105},"7":{"name":"(anonymous_7)","decl":{"start":{"line":122,"column":58},"end":{"line":122,"column":59}},"loc":{"start":{"line":122,"column":64},"end":{"line":122,"column":77}},"line":122}},"branchMap":{"0":{"loc":{"start":{"line":37,"column":2},"end":{"line":37,"column":30}},"type":"default-arg","locations":[{"start":{"line":37,"column":17},"end":{"line":37,"column":30}}],"line":37},"1":{"loc":{"start":{"line":40,"column":2},"end":{"line":40,"column":23}},"type":"default-arg","locations":[{"start":{"line":40,"column":18},"end":{"line":40,"column":23}}],"line":40},"2":{"loc":{"start":{"line":41,"column":2},"end":{"line":41,"column":25}},"type":"default-arg","locations":[{"start":{"line":41,"column":16},"end":{"line":41,"column":25}}],"line":41},"3":{"loc":{"start":{"line":53,"column":18},"end":{"line":53,"column":48}},"type":"cond-expr","locations":[{"start":{"line":53,"column":27},"end":{"line":53,"column":36}},{"start":{"line":53,"column":39},"end":{"line":53,"column":48}}],"line":53},"4":{"loc":{"start":{"line":54,"column":18},"end":{"line":54,"column":48}},"type":"cond-expr","locations":[{"start":{"line":54,"column":27},"end":{"line":54,"column":36}},{"start":{"line":54,"column":39},"end":{"line":54,"column":48}}],"line":54},"5":{"loc":{"start":{"line":55,"column":18},"end":{"line":55,"column":48}},"type":"cond-expr","locations":[{"start":{"line":55,"column":27},"end":{"line":55,"column":36}},{"start":{"line":55,"column":39},"end":{"line":55,"column":48}}],"line":55},"6":{"loc":{"start":{"line":56,"column":18},"end":{"line":56,"column":48}},"type":"cond-expr","locations":[{"start":{"line":56,"column":27},"end":{"line":56,"column":36}},{"start":{"line":56,"column":39},"end":{"line":56,"column":48}}],"line":56},"7":{"loc":{"start":{"line":57,"column":18},"end":{"line":57,"column":48}},"type":"cond-expr","locations":[{"start":{"line":57,"column":27},"end":{"line":57,"column":36}},{"start":{"line":57,"column":39},"end":{"line":57,"column":48}}],"line":57},"8":{"loc":{"start":{"line":58,"column":18},"end":{"line":58,"column":48}},"type":"cond-expr","locations":[{"start":{"line":58,"column":27},"end":{"line":58,"column":36}},{"start":{"line":58,"column":39},"end":{"line":58,"column":48}}],"line":58},"9":{"loc":{"start":{"line":62,"column":4},"end":{"line":62,"column":39}},"type":"if","locations":[{"start":{"line":62,"column":4},"end":{"line":62,"column":39}},{"start":{},"end":{}}],"line":62},"10":{"loc":{"start":{"line":72,"column":6},"end":{"line":72,"column":40}},"type":"if","locations":[{"start":{"line":72,"column":6},"end":{"line":72,"column":40}},{"start":{},"end":{}}],"line":72},"11":{"loc":{"start":{"line":78,"column":18},"end":{"line":78,"column":61}},"type":"binary-expr","locations":[{"start":{"line":78,"column":18},"end":{"line":78,"column":27}},{"start":{"line":78,"column":31},"end":{"line":78,"column":61}}],"line":78},"12":{"loc":{"start":{"line":88,"column":4},"end":{"line":88,"column":50}},"type":"if","locations":[{"start":{"line":88,"column":4},"end":{"line":88,"column":50}},{"start":{},"end":{}}],"line":88},"13":{"loc":{"start":{"line":95,"column":4},"end":{"line":95,"column":28}},"type":"if","locations":[{"start":{"line":95,"column":4},"end":{"line":95,"column":28}},{"start":{},"end":{}}],"line":95},"14":{"loc":{"start":{"line":99,"column":17},"end":{"line":99,"column":67}},"type":"cond-expr","locations":[{"start":{"line":99,"column":45},"end":{"line":99,"column":55}},{"start":{"line":99,"column":58},"end":{"line":99,"column":67}}],"line":99},"15":{"loc":{"start":{"line":100,"column":13},"end":{"line":100,"column":71}},"type":"cond-expr","locations":[{"start":{"line":100,"column":37},"end":{"line":100,"column":59}},{"start":{"line":100,"column":62},"end":{"line":100,"column":71}}],"line":100},"16":{"loc":{"start":{"line":118,"column":27},"end":{"line":118,"column":68}},"type":"cond-expr","locations":[{"start":{"line":118,"column":36},"end":{"line":118,"column":51}},{"start":{"line":118,"column":54},"end":{"line":118,"column":68}}],"line":118},"17":{"loc":{"start":{"line":127,"column":11},"end":{"line":127,"column":115}},"type":"cond-expr","locations":[{"start":{"line":127,"column":22},"end":{"line":127,"column":108}},{"start":{"line":127,"column":111},"end":{"line":127,"column":115}}],"line":127},"18":{"loc":{"start":{"line":133,"column":7},"end":{"line":153,"column":7}},"type":"binary-expr","locations":[{"start":{"line":133,"column":7},"end":{"line":133,"column":24}},{"start":{"line":134,"column":8},"end":{"line":152,"column":15}}],"line":133},"19":{"loc":{"start":{"line":135,"column":11},"end":{"line":141,"column":11}},"type":"cond-expr","locations":[{"start":{"line":136,"column":12},"end":{"line":136,"column":55}},{"start":{"line":138,"column":12},"end":{"line":140,"column":25}}],"line":135},"20":{"loc":{"start":{"line":156,"column":7},"end":{"line":169,"column":7}},"type":"binary-expr","locations":[{"start":{"line":156,"column":7},"end":{"line":156,"column":30}},{"start":{"line":157,"column":8},"end":{"line":168,"column":15}}],"line":156},"21":{"loc":{"start":{"line":172,"column":7},"end":{"line":197,"column":7}},"type":"binary-expr","locations":[{"start":{"line":172,"column":7},"end":{"line":172,"column":26}},{"start":{"line":173,"column":8},"end":{"line":196,"column":15}}],"line":172},"22":{"loc":{"start":{"line":177,"column":13},"end":{"line":182,"column":13}},"type":"binary-expr","locations":[{"start":{"line":177,"column":13},"end":{"line":177,"column":23}},{"start":{"line":178,"column":14},"end":{"line":181,"column":21}}],"line":177},"23":{"loc":{"start":{"line":178,"column":63},"end":{"line":178,"column":93}},"type":"cond-expr","locations":[{"start":{"line":178,"column":72},"end":{"line":178,"column":81}},{"start":{"line":178,"column":84},"end":{"line":178,"column":93}}],"line":178},"24":{"loc":{"start":{"line":183,"column":13},"end":{"line":183,"column":100}},"type":"binary-expr","locations":[{"start":{"line":183,"column":13},"end":{"line":183,"column":24}},{"start":{"line":183,"column":28},"end":{"line":183,"column":100}}],"line":183},"25":{"loc":{"start":{"line":200,"column":7},"end":{"line":213,"column":7}},"type":"binary-expr","locations":[{"start":{"line":200,"column":7},"end":{"line":200,"column":25}},{"start":{"line":201,"column":8},"end":{"line":212,"column":15}}],"line":200},"26":{"loc":{"start":{"line":205,"column":61},"end":{"line":205,"column":91}},"type":"cond-expr","locations":[{"start":{"line":205,"column":70},"end":{"line":205,"column":79}},{"start":{"line":205,"column":82},"end":{"line":205,"column":91}}],"line":205}},"s":{"0":0,"1":0,"2":0,"3":0,"4":0,"5":0,"6":0,"7":0,"8":0,"9":0,"10":0,"11":0,"12":0,"13":0,"14":0,"15":0,"16":0,"17":0,"18":0,"19":0,"20":0,"21":0,"22":0,"23":0,"24":0,"25":0,"26":0,"27":0,"28":0,"29":0,"30":0,"31":0,"32":0,"33":0,"34":0,"35":0,"36":0,"37":0,"38":0,"39":0,"40":0,"41":0,"42":0,"43":0,"44":0,"45":0,"46":0,"47":0,"48":0,"49":0,"50":0,"51":0,"52":0,"53":0,"54":0,"55":0,"56":0,"57":0,"58":0},"f":{"0":0,"1":0,"2":0,"3":0,"4":0,"5":0,"6":0,"7":0},"b":{"0":[0],"1":[0],"2":[0],"3":[0,0],"4":[0,0],"5":[0,0],"6":[0,0],"7":[0,0],"8":[0,0],"9":[0,0],"10":[0,0],"11":[0,0],"12":[0,0],"13":[0,0],"14":[0,0],"15":[0,0],"16":[0,0],"17":[0,0],"18":[0,0],"19":[0,0],"20":[0,0],"21":[0,0],"22":[0,0],"23":[0,0],"24":[0,0],"25":[0,0],"26":[0,0]}}
,"C:\\Users\\Pc\\Documents\\GitHub\\PDF-Reader\\mobile\\app\\context\\ContinueContext.tsx": {"path":"C:\\Users\\Pc\\Documents\\GitHub\\PDF-Reader\\mobile\\app\\context\\ContinueContext.tsx","statementMap":{"0":{"start":{"line":9,"column":24},"end":{"line":13,"column":2}},"1":{"start":{"line":15,"column":32},"end":{"line":27,"column":1}},"2":{"start":{"line":16,"column":46},"end":{"line":16,"column":75}},"3":{"start":{"line":18,"column":21},"end":{"line":20,"column":3}},"4":{"start":{"line":19,"column":4},"end":{"line":19,"column":28}},"5":{"start":{"line":22,"column":2},"end":{"line":26,"column":4}},"6":{"start":{"line":29,"column":31},"end":{"line":29,"column":64}},"7":{"start":{"line":29,"column":37},"end":{"line":29,"column":64}}},"fnMap":{"0":{"name":"(anonymous_0)","decl":{"start":{"line":11,"column":21},"end":{"line":11,"column":22}},"loc":{"start":{"line":11,"column":27},"end":{"line":11,"column":29}},"line":11},"1":{"name":"(anonymous_1)","decl":{"start":{"line":12,"column":14},"end":{"line":12,"column":15}},"loc":{"start":{"line":12,"column":20},"end":{"line":12,"column":22}},"line":12},"2":{"name":"(anonymous_2)","decl":{"start":{"line":15,"column":32},"end":{"line":15,"column":33}},"loc":{"start":{"line":15,"column":81},"end":{"line":27,"column":1}},"line":15},"3":{"name":"(anonymous_3)","decl":{"start":{"line":18,"column":21},"end":{"line":18,"column":22}},"loc":{"start":{"line":18,"column":27},"end":{"line":20,"column":3}},"line":18},"4":{"name":"(anonymous_4)","decl":{"start":{"line":29,"column":31},"end":{"line":29,"column":32}},"loc":{"start":{"line":29,"column":37},"end":{"line":29,"column":64}},"line":29}},"branchMap":{},"s":{"0":0,"1":0,"2":0,"3":0,"4":0,"5":0,"6":0,"7":0},"f":{"0":0,"1":0,"2":0,"3":0,"4":0},"b":{}}
,"C:\\Users\\Pc\\Documents\\GitHub\\PDF-Reader\\mobile\\app\\context\\PasswordContext.tsx": {"path":"C:\\Users\\Pc\\Documents\\GitHub\\PDF-Reader\\mobile\\app\\context\\PasswordContext.tsx","statementMap":{"0":{"start":{"line":9,"column":24},"end":{"line":12,"column":2}},"1":{"start":{"line":14,"column":32},"end":{"line":22,"column":1}},"2":{"start":{"line":15,"column":41},"end":{"line":15,"column":70}},"3":{"start":{"line":17,"column":2},"end":{"line":21,"column":4}},"4":{"start":{"line":24,"column":27},"end":{"line":24,"column":60}},"5":{"start":{"line":24,"column":33},"end":{"line":24,"column":60}}},"fnMap":{"0":{"name":"(anonymous_0)","decl":{"start":{"line":11,"column":15},"end":{"line":11,"column":16}},"loc":{"start":{"line":11,"column":21},"end":{"line":11,"column":23}},"line":11},"1":{"name":"(anonymous_1)","decl":{"start":{"line":14,"column":32},"end":{"line":14,"column":33}},"loc":{"start":{"line":14,"column":81},"end":{"line":22,"column":1}},"line":14},"2":{"name":"(anonymous_2)","decl":{"start":{"line":24,"column":27},"end":{"line":24,"column":28}},"loc":{"start":{"line":24,"column":33},"end":{"line":24,"column":60}},"line":24}},"branchMap":{},"s":{"0":0,"1":0,"2":0,"3":0,"4":0,"5":0},"f":{"0":0,"1":0,"2":0},"b":{}}
,"C:\\Users\\Pc\\Documents\\GitHub\\PDF-Reader\\mobile\\app\\context\\ThemeContext.tsx": {"path":"C:\\Users\\Pc\\Documents\\GitHub\\PDF-Reader\\mobile\\app\\context\\ThemeContext.tsx","statementMap":{"0":{"start":{"line":13,"column":21},"end":{"line":17,"column":2}},"1":{"start":{"line":19,"column":29},"end":{"line":41,"column":1}},"2":{"start":{"line":20,"column":22},"end":{"line":20,"column":38}},"3":{"start":{"line":21,"column":33},"end":{"line":21,"column":62}},"4":{"start":{"line":23,"column":2},"end":{"line":27,"column":9}},"5":{"start":{"line":24,"column":4},"end":{"line":26,"column":7}},"6":{"start":{"line":25,"column":6},"end":{"line":25,"column":43}},"7":{"start":{"line":25,"column":13},"end":{"line":25,"column":43}},"8":{"start":{"line":29,"column":19},"end":{"line":32,"column":3}},"9":{"start":{"line":30,"column":4},"end":{"line":30,"column":21}},"10":{"start":{"line":31,"column":4},"end":{"line":31,"column":41}},"11":{"start":{"line":34,"column":17},"end":{"line":34,"column":79}},"12":{"start":{"line":36,"column":2},"end":{"line":40,"column":4}},"13":{"start":{"line":43,"column":27},"end":{"line":43,"column":57}},"14":{"start":{"line":43,"column":33},"end":{"line":43,"column":57}}},"fnMap":{"0":{"name":"(anonymous_0)","decl":{"start":{"line":15,"column":12},"end":{"line":15,"column":13}},"loc":{"start":{"line":15,"column":18},"end":{"line":15,"column":20}},"line":15},"1":{"name":"(anonymous_1)","decl":{"start":{"line":19,"column":29},"end":{"line":19,"column":30}},"loc":{"start":{"line":19,"column":78},"end":{"line":41,"column":1}},"line":19},"2":{"name":"(anonymous_2)","decl":{"start":{"line":23,"column":12},"end":{"line":23,"column":13}},"loc":{"start":{"line":23,"column":18},"end":{"line":27,"column":3}},"line":23},"3":{"name":"(anonymous_3)","decl":{"start":{"line":24,"column":43},"end":{"line":24,"column":44}},"loc":{"start":{"line":24,"column":50},"end":{"line":26,"column":5}},"line":24},"4":{"name":"(anonymous_4)","decl":{"start":{"line":29,"column":19},"end":{"line":29,"column":20}},"loc":{"start":{"line":29,"column":37},"end":{"line":32,"column":3}},"line":29},"5":{"name":"(anonymous_5)","decl":{"start":{"line":43,"column":27},"end":{"line":43,"column":28}},"loc":{"start":{"line":43,"column":33},"end":{"line":43,"column":57}},"line":43}},"branchMap":{"0":{"loc":{"start":{"line":25,"column":6},"end":{"line":25,"column":43}},"type":"if","locations":[{"start":{"line":25,"column":6},"end":{"line":25,"column":43}},{"start":{},"end":{}}],"line":25},"1":{"loc":{"start":{"line":34,"column":17},"end":{"line":34,"column":79}},"type":"cond-expr","locations":[{"start":{"line":34,"column":38},"end":{"line":34,"column":60}},{"start":{"line":34,"column":63},"end":{"line":34,"column":79}}],"line":34}},"s":{"0":0,"1":0,"2":0,"3":0,"4":0,"5":0,"6":0,"7":0,"8":0,"9":0,"10":0,"11":0,"12":0,"13":0,"14":0},"f":{"0":0,"1":0,"2":0,"3":0,"4":0,"5":0},"b":{"0":[0,0],"1":[0,0]}}
,"C:\\Users\\Pc\\Documents\\GitHub\\PDF-Reader\\mobile\\app\\screens\\auto-process.tsx": {"path":"C:\\Users\\Pc\\Documents\\GitHub\\PDF-Reader\\mobile\\app\\screens\\auto-process.tsx","statementMap":{"0":{"start":{"line":12,"column":22},"end":{"line":17,"column":1}},"1":{"start":{"line":20,"column":21},"end":{"line":20,"column":34}},"2":{"start":{"line":21,"column":42},"end":{"line":21,"column":54}},"3":{"start":{"line":22,"column":50},"end":{"line":22,"column":62}},"4":{"start":{"line":24,"column":28},"end":{"line":24,"column":51}},"5":{"start":{"line":25,"column":32},"end":{"line":25,"column":133}},"6":{"start":{"line":27,"column":20},"end":{"line":27,"column":44}},"7":{"start":{"line":28,"column":17},"end":{"line":28,"column":47}},"8":{"start":{"line":29,"column":17},"end":{"line":29,"column":26}},"9":{"start":{"line":30,"column":16},"end":{"line":30,"column":40}},"10":{"start":{"line":32,"column":2},"end":{"line":34,"column":9}},"11":{"start":{"line":33,"column":4},"end":{"line":33,"column":17}},"12":{"start":{"line":36,"column":21},"end":{"line":45,"column":3}},"13":{"start":{"line":37,"column":4},"end":{"line":44,"column":5}},"14":{"start":{"line":38,"column":25},"end":{"line":38,"column":73}},"15":{"start":{"line":39,"column":27},"end":{"line":39,"column":77}},"16":{"start":{"line":40,"column":6},"end":{"line":40,"column":55}},"17":{"start":{"line":40,"column":22},"end":{"line":40,"column":55}},"18":{"start":{"line":41,"column":6},"end":{"line":41,"column":61}},"19":{"start":{"line":41,"column":24},"end":{"line":41,"column":61}},"20":{"start":{"line":43,"column":6},"end":{"line":43,"column":47}},"21":{"start":{"line":47,"column":21},"end":{"line":56,"column":3}},"22":{"start":{"line":48,"column":4},"end":{"line":55,"column":5}},"23":{"start":{"line":49,"column":6},"end":{"line":49,"column":78}},"24":{"start":{"line":50,"column":6},"end":{"line":50,"column":82}},"25":{"start":{"line":51,"column":6},"end":{"line":51,"column":74}},"26":{"start":{"line":52,"column":6},"end":{"line":52,"column":70}},"27":{"start":{"line":54,"column":6},"end":{"line":54,"column":53}},"28":{"start":{"line":58,"column":25},"end":{"line":67,"column":3}},"29":{"start":{"line":59,"column":4},"end":{"line":66,"column":5}},"30":{"start":{"line":60,"column":21},"end":{"line":60,"column":42}},"31":{"start":{"line":61,"column":6},"end":{"line":61,"column":26}},"32":{"start":{"line":61,"column":19},"end":{"line":61,"column":26}},"33":{"start":{"line":62,"column":6},"end":{"line":62,"column":35}},"34":{"start":{"line":63,"column":6},"end":{"line":63,"column":39}},"35":{"start":{"line":65,"column":6},"end":{"line":65,"column":50}},"36":{"start":{"line":69,"column":17},"end":{"line":72,"column":3}},"37":{"start":{"line":70,"column":4},"end":{"line":70,"column":59}},"38":{"start":{"line":71,"column":4},"end":{"line":71,"column":55}},"39":{"start":{"line":71,"column":24},"end":{"line":71,"column":52}},"40":{"start":{"line":74,"column":23},"end":{"line":90,"column":3}},"41":{"start":{"line":75,"column":4},"end":{"line":75,"column":73}},"42":{"start":{"line":75,"column":23},"end":{"line":75,"column":73}},"43":{"start":{"line":76,"column":4},"end":{"line":76,"column":28}},"44":{"start":{"line":77,"column":23},"end":{"line":77,"column":58}},"45":{"start":{"line":78,"column":24},"end":{"line":78,"column":56}},"46":{"start":{"line":78,"column":42},"end":{"line":78,"column":55}},"47":{"start":{"line":79,"column":4},"end":{"line":79,"column":81}},"48":{"start":{"line":79,"column":34},"end":{"line":79,"column":81}},"49":{"start":{"line":81,"column":4},"end":{"line":85,"column":5}},"50":{"start":{"line":81,"column":17},"end":{"line":81,"column":18}},"51":{"start":{"line":82,"column":18},"end":{"line":82,"column":67}},"52":{"start":{"line":83,"column":6},"end":{"line":83,"column":52}},"53":{"start":{"line":84,"column":6},"end":{"line":84,"column":49}},"54":{"start":{"line":84,"column":29},"end":{"line":84,"column":47}},"55":{"start":{"line":86,"column":4},"end":{"line":86,"column":43}},"56":{"start":{"line":87,"column":4},"end":{"line":87,"column":47}},"57":{"start":{"line":87,"column":27},"end":{"line":87,"column":45}},"58":{"start":{"line":88,"column":4},"end":{"line":88,"column":42}},"59":{"start":{"line":89,"column":4},"end":{"line":89,"column":22}},"60":{"start":{"line":92,"column":22},"end":{"line":92,"column":67}},"61":{"start":{"line":94,"column":21},"end":{"line":112,"column":3}},"62":{"start":{"line":95,"column":18},"end":{"line":95,"column":33}},"63":{"start":{"line":96,"column":4},"end":{"line":111,"column":6}},"64":{"start":{"line":108,"column":64},"end":{"line":108,"column":79}},"65":{"start":{"line":114,"column":2},"end":{"line":152,"column":4}},"66":{"start":{"line":144,"column":39},"end":{"line":144,"column":54}},"67":{"start":{"line":144,"column":55},"end":{"line":144,"column":110}},"68":{"start":{"line":145,"column":34},"end":{"line":145,"column":41}},"69":{"start":{"line":155,"column":15},"end":{"line":162,"column":2}}},"fnMap":{"0":{"name":"AutoProcessScreen","decl":{"start":{"line":19,"column":24},"end":{"line":19,"column":41}},"loc":{"start":{"line":19,"column":44},"end":{"line":153,"column":1}},"line":19},"1":{"name":"(anonymous_1)","decl":{"start":{"line":32,"column":12},"end":{"line":32,"column":13}},"loc":{"start":{"line":32,"column":18},"end":{"line":34,"column":3}},"line":32},"2":{"name":"(anonymous_2)","decl":{"start":{"line":36,"column":21},"end":{"line":36,"column":22}},"loc":{"start":{"line":36,"column":33},"end":{"line":45,"column":3}},"line":36},"3":{"name":"(anonymous_3)","decl":{"start":{"line":47,"column":21},"end":{"line":47,"column":22}},"loc":{"start":{"line":47,"column":33},"end":{"line":56,"column":3}},"line":47},"4":{"name":"(anonymous_4)","decl":{"start":{"line":58,"column":25},"end":{"line":58,"column":26}},"loc":{"start":{"line":58,"column":37},"end":{"line":67,"column":3}},"line":58},"5":{"name":"(anonymous_5)","decl":{"start":{"line":69,"column":17},"end":{"line":69,"column":18}},"loc":{"start":{"line":69,"column":33},"end":{"line":72,"column":3}},"line":69},"6":{"name":"(anonymous_6)","decl":{"start":{"line":71,"column":15},"end":{"line":71,"column":16}},"loc":{"start":{"line":71,"column":24},"end":{"line":71,"column":52}},"line":71},"7":{"name":"(anonymous_7)","decl":{"start":{"line":74,"column":23},"end":{"line":74,"column":24}},"loc":{"start":{"line":74,"column":84},"end":{"line":90,"column":3}},"line":74},"8":{"name":"(anonymous_8)","decl":{"start":{"line":78,"column":37},"end":{"line":78,"column":38}},"loc":{"start":{"line":78,"column":42},"end":{"line":78,"column":55}},"line":78},"9":{"name":"(anonymous_9)","decl":{"start":{"line":84,"column":24},"end":{"line":84,"column":25}},"loc":{"start":{"line":84,"column":29},"end":{"line":84,"column":47}},"line":84},"10":{"name":"(anonymous_10)","decl":{"start":{"line":87,"column":22},"end":{"line":87,"column":23}},"loc":{"start":{"line":87,"column":27},"end":{"line":87,"column":45}},"line":87},"11":{"name":"(anonymous_11)","decl":{"start":{"line":94,"column":21},"end":{"line":94,"column":22}},"loc":{"start":{"line":94,"column":104},"end":{"line":112,"column":3}},"line":94},"12":{"name":"(anonymous_12)","decl":{"start":{"line":108,"column":58},"end":{"line":108,"column":59}},"loc":{"start":{"line":108,"column":64},"end":{"line":108,"column":79}},"line":108},"13":{"name":"(anonymous_13)","decl":{"start":{"line":144,"column":23},"end":{"line":144,"column":24}},"loc":{"start":{"line":144,"column":37},"end":{"line":144,"column":112}},"line":144},"14":{"name":"(anonymous_14)","decl":{"start":{"line":145,"column":26},"end":{"line":145,"column":27}},"loc":{"start":{"line":145,"column":34},"end":{"line":145,"column":41}},"line":145}},"branchMap":{"0":{"loc":{"start":{"line":27,"column":20},"end":{"line":27,"column":44}},"type":"cond-expr","locations":[{"start":{"line":27,"column":29},"end":{"line":27,"column":35}},{"start":{"line":27,"column":38},"end":{"line":27,"column":44}}],"line":27},"1":{"loc":{"start":{"line":28,"column":17},"end":{"line":28,"column":47}},"type":"cond-expr","locations":[{"start":{"line":28,"column":26},"end":{"line":28,"column":35}},{"start":{"line":28,"column":38},"end":{"line":28,"column":47}}],"line":28},"2":{"loc":{"start":{"line":30,"column":16},"end":{"line":30,"column":40}},"type":"cond-expr","locations":[{"start":{"line":30,"column":25},"end":{"line":30,"column":31}},{"start":{"line":30,"column":34},"end":{"line":30,"column":40}}],"line":30},"3":{"loc":{"start":{"line":40,"column":6},"end":{"line":40,"column":55}},"type":"if","locations":[{"start":{"line":40,"column":6},"end":{"line":40,"column":55}},{"start":{},"end":{}}],"line":40},"4":{"loc":{"start":{"line":41,"column":6},"end":{"line":41,"column":61}},"type":"if","locations":[{"start":{"line":41,"column":6},"end":{"line":41,"column":61}},{"start":{},"end":{}}],"line":41},"5":{"loc":{"start":{"line":61,"column":6},"end":{"line":61,"column":26}},"type":"if","locations":[{"start":{"line":61,"column":6},"end":{"line":61,"column":26}},{"start":{},"end":{}}],"line":61},"6":{"loc":{"start":{"line":75,"column":4},"end":{"line":75,"column":73}},"type":"if","locations":[{"start":{"line":75,"column":4},"end":{"line":75,"column":73}},{"start":{},"end":{}}],"line":75},"7":{"loc":{"start":{"line":79,"column":4},"end":{"line":79,"column":81}},"type":"if","locations":[{"start":{"line":79,"column":4},"end":{"line":79,"column":81}},{"start":{},"end":{}}],"line":79},"8":{"loc":{"start":{"line":95,"column":18},"end":{"line":95,"column":33}},"type":"binary-expr","locations":[{"start":{"line":95,"column":18},"end":{"line":95,"column":28}},{"start":{"line":95,"column":32},"end":{"line":95,"column":33}}],"line":95},"9":{"loc":{"start":{"line":98,"column":58},"end":{"line":98,"column":107}},"type":"cond-expr","locations":[{"start":{"line":98,"column":70},"end":{"line":98,"column":97}},{"start":{"line":98,"column":101},"end":{"line":98,"column":107}}],"line":98},"10":{"loc":{"start":{"line":98,"column":70},"end":{"line":98,"column":97}},"type":"cond-expr","locations":[{"start":{"line":98,"column":79},"end":{"line":98,"column":85}},{"start":{"line":98,"column":88},"end":{"line":98,"column":97}}],"line":98},"11":{"loc":{"start":{"line":98,"column":122},"end":{"line":98,"column":163}},"type":"cond-expr","locations":[{"start":{"line":98,"column":141},"end":{"line":98,"column":147}},{"start":{"line":98,"column":150},"end":{"line":98,"column":163}}],"line":98},"12":{"loc":{"start":{"line":98,"column":176},"end":{"line":98,"column":192}},"type":"cond-expr","locations":[{"start":{"line":98,"column":187},"end":{"line":98,"column":188}},{"start":{"line":98,"column":191},"end":{"line":98,"column":192}}],"line":98},"13":{"loc":{"start":{"line":100,"column":61},"end":{"line":100,"column":113}},"type":"cond-expr","locations":[{"start":{"line":100,"column":80},"end":{"line":100,"column":86}},{"start":{"line":100,"column":89},"end":{"line":100,"column":113}}],"line":100},"14":{"loc":{"start":{"line":100,"column":89},"end":{"line":100,"column":113}},"type":"cond-expr","locations":[{"start":{"line":100,"column":98},"end":{"line":100,"column":104}},{"start":{"line":100,"column":107},"end":{"line":100,"column":113}}],"line":100},"15":{"loc":{"start":{"line":105,"column":34},"end":{"line":105,"column":70}},"type":"cond-expr","locations":[{"start":{"line":105,"column":53},"end":{"line":105,"column":62}},{"start":{"line":105,"column":65},"end":{"line":105,"column":70}}],"line":105},"16":{"loc":{"start":{"line":125,"column":15},"end":{"line":125,"column":52}},"type":"binary-expr","locations":[{"start":{"line":125,"column":15},"end":{"line":125,"column":31}},{"start":{"line":125,"column":35},"end":{"line":125,"column":52}}],"line":125},"17":{"loc":{"start":{"line":135,"column":120},"end":{"line":135,"column":144}},"type":"cond-expr","locations":[{"start":{"line":135,"column":129},"end":{"line":135,"column":135}},{"start":{"line":135,"column":138},"end":{"line":135,"column":144}}],"line":135}},"s":{"0":0,"1":0,"2":0,"3":0,"4":0,"5":0,"6":0,"7":0,"8":0,"9":0,"10":0,"11":0,"12":0,"13":0,"14":0,"15":0,"16":0,"17":0,"18":0,"19":0,"20":0,"21":0,"22":0,"23":0,"24":0,"25":0,"26":0,"27":0,"28":0,"29":0,"30":0,"31":0,"32":0,"33":0,"34":0,"35":0,"36":0,"37":0,"38":0,"39":0,"40":0,"41":0,"42":0,"43":0,"44":0,"45":0,"46":0,"47":0,"48":0,"49":0,"50":0,"51":0,"52":0,"53":0,"54":0,"55":0,"56":0,"57":0,"58":0,"59":0,"60":0,"61":0,"62":0,"63":0,"64":0,"65":0,"66":0,"67":0,"68":0,"69":0},"f":{"0":0,"1":0,"2":0,"3":0,"4":0,"5":0,"6":0,"7":0,"8":0,"9":0,"10":0,"11":0,"12":0,"13":0,"14":0},"b":{"0":[0,0],"1":[0,0],"2":[0,0],"3":[0,0],"4":[0,0],"5":[0,0],"6":[0,0],"7":[0,0],"8":[0,0],"9":[0,0],"10":[0,0],"11":[0,0],"12":[0,0],"13":[0,0],"14":[0,0],"15":[0,0],"16":[0,0],"17":[0,0]}}
,"C:\\Users\\Pc\\Documents\\GitHub\\PDF-Reader\\mobile\\app\\screens\\booklet.tsx": {"path":"C:\\Users\\Pc\\Documents\\GitHub\\PDF-Reader\\mobile\\app\\screens\\booklet.tsx","statementMap":{"0":{"start":{"line":9,"column":22},"end":{"line":12,"column":1}},"1":{"start":{"line":15,"column":21},"end":{"line":15,"column":34}},"2":{"start":{"line":16,"column":32},"end":{"line":16,"column":50}},"3":{"start":{"line":17,"column":42},"end":{"line":17,"column":54}},"4":{"start":{"line":18,"column":50},"end":{"line":18,"column":62}},"5":{"start":{"line":19,"column":40},"end":{"line":19,"column":54}},"6":{"start":{"line":21,"column":20},"end":{"line":21,"column":44}},"7":{"start":{"line":22,"column":17},"end":{"line":22,"column":47}},"8":{"start":{"line":23,"column":17},"end":{"line":23,"column":26}},"9":{"start":{"line":24,"column":16},"end":{"line":24,"column":40}},"10":{"start":{"line":26,"column":25},"end":{"line":35,"column":3}},"11":{"start":{"line":27,"column":4},"end":{"line":34,"column":5}},"12":{"start":{"line":28,"column":21},"end":{"line":28,"column":42}},"13":{"start":{"line":29,"column":6},"end":{"line":29,"column":26}},"14":{"start":{"line":29,"column":19},"end":{"line":29,"column":26}},"15":{"start":{"line":30,"column":6},"end":{"line":30,"column":35}},"16":{"start":{"line":31,"column":6},"end":{"line":31,"column":39}},"17":{"start":{"line":33,"column":6},"end":{"line":33,"column":50}},"18":{"start":{"line":37,"column":23},"end":{"line":49,"column":3}},"19":{"start":{"line":38,"column":4},"end":{"line":38,"column":73}},"20":{"start":{"line":38,"column":23},"end":{"line":38,"column":73}},"21":{"start":{"line":39,"column":4},"end":{"line":39,"column":28}},"22":{"start":{"line":40,"column":23},"end":{"line":40,"column":58}},"23":{"start":{"line":41,"column":4},"end":{"line":41,"column":46}},"24":{"start":{"line":42,"column":4},"end":{"line":42,"column":47}},"25":{"start":{"line":42,"column":27},"end":{"line":42,"column":45}},"26":{"start":{"line":43,"column":4},"end":{"line":43,"column":76}},"27":{"start":{"line":44,"column":4},"end":{"line":44,"column":72}},"28":{"start":{"line":45,"column":4},"end":{"line":45,"column":40}},"29":{"start":{"line":46,"column":4},"end":{"line":46,"column":47}},"30":{"start":{"line":46,"column":27},"end":{"line":46,"column":45}},"31":{"start":{"line":47,"column":4},"end":{"line":47,"column":29}},"32":{"start":{"line":48,"column":4},"end":{"line":48,"column":22}},"33":{"start":{"line":51,"column":2},"end":{"line":104,"column":4}},"34":{"start":{"line":80,"column":8},"end":{"line":91,"column":27}},"35":{"start":{"line":83,"column":25},"end":{"line":83,"column":41}},"36":{"start":{"line":94,"column":95},"end":{"line":94,"column":123}},"37":{"start":{"line":107,"column":15},"end":{"line":114,"column":2}}},"fnMap":{"0":{"name":"BookletScreen","decl":{"start":{"line":14,"column":24},"end":{"line":14,"column":37}},"loc":{"start":{"line":14,"column":40},"end":{"line":105,"column":1}},"line":14},"1":{"name":"(anonymous_1)","decl":{"start":{"line":26,"column":25},"end":{"line":26,"column":26}},"loc":{"start":{"line":26,"column":37},"end":{"line":35,"column":3}},"line":26},"2":{"name":"(anonymous_2)","decl":{"start":{"line":37,"column":23},"end":{"line":37,"column":24}},"loc":{"start":{"line":37,"column":84},"end":{"line":49,"column":3}},"line":37},"3":{"name":"(anonymous_3)","decl":{"start":{"line":42,"column":22},"end":{"line":42,"column":23}},"loc":{"start":{"line":42,"column":27},"end":{"line":42,"column":45}},"line":42},"4":{"name":"(anonymous_4)","decl":{"start":{"line":46,"column":22},"end":{"line":46,"column":23}},"loc":{"start":{"line":46,"column":27},"end":{"line":46,"column":45}},"line":46},"5":{"name":"(anonymous_5)","decl":{"start":{"line":79,"column":25},"end":{"line":79,"column":26}},"loc":{"start":{"line":80,"column":8},"end":{"line":91,"column":27}},"line":80},"6":{"name":"(anonymous_6)","decl":{"start":{"line":83,"column":19},"end":{"line":83,"column":20}},"loc":{"start":{"line":83,"column":25},"end":{"line":83,"column":41}},"line":83},"7":{"name":"(anonymous_7)","decl":{"start":{"line":94,"column":89},"end":{"line":94,"column":90}},"loc":{"start":{"line":94,"column":95},"end":{"line":94,"column":123}},"line":94}},"branchMap":{"0":{"loc":{"start":{"line":21,"column":20},"end":{"line":21,"column":44}},"type":"cond-expr","locations":[{"start":{"line":21,"column":29},"end":{"line":21,"column":35}},{"start":{"line":21,"column":38},"end":{"line":21,"column":44}}],"line":21},"1":{"loc":{"start":{"line":22,"column":17},"end":{"line":22,"column":47}},"type":"cond-expr","locations":[{"start":{"line":22,"column":26},"end":{"line":22,"column":35}},{"start":{"line":22,"column":38},"end":{"line":22,"column":47}}],"line":22},"2":{"loc":{"start":{"line":24,"column":16},"end":{"line":24,"column":40}},"type":"cond-expr","locations":[{"start":{"line":24,"column":25},"end":{"line":24,"column":31}},{"start":{"line":24,"column":34},"end":{"line":24,"column":40}}],"line":24},"3":{"loc":{"start":{"line":29,"column":6},"end":{"line":29,"column":26}},"type":"if","locations":[{"start":{"line":29,"column":6},"end":{"line":29,"column":26}},{"start":{},"end":{}}],"line":29},"4":{"loc":{"start":{"line":38,"column":4},"end":{"line":38,"column":73}},"type":"if","locations":[{"start":{"line":38,"column":4},"end":{"line":38,"column":73}},{"start":{},"end":{}}],"line":38},"5":{"loc":{"start":{"line":61,"column":11},"end":{"line":61,"column":48}},"type":"binary-expr","locations":[{"start":{"line":61,"column":11},"end":{"line":61,"column":27}},{"start":{"line":61,"column":31},"end":{"line":61,"column":48}}],"line":61},"6":{"loc":{"start":{"line":64,"column":11},"end":{"line":64,"column":64}},"type":"cond-expr","locations":[{"start":{"line":64,"column":26},"end":{"line":64,"column":46}},{"start":{"line":64,"column":49},"end":{"line":64,"column":64}}],"line":64},"7":{"loc":{"start":{"line":68,"column":7},"end":{"line":76,"column":7}},"type":"binary-expr","locations":[{"start":{"line":68,"column":7},"end":{"line":68,"column":20}},{"start":{"line":69,"column":8},"end":{"line":75,"column":15}}],"line":68},"8":{"loc":{"start":{"line":82,"column":75},"end":{"line":82,"column":127}},"type":"cond-expr","locations":[{"start":{"line":82,"column":94},"end":{"line":82,"column":100}},{"start":{"line":82,"column":103},"end":{"line":82,"column":127}}],"line":82},"9":{"loc":{"start":{"line":82,"column":103},"end":{"line":82,"column":127}},"type":"cond-expr","locations":[{"start":{"line":82,"column":112},"end":{"line":82,"column":118}},{"start":{"line":82,"column":121},"end":{"line":82,"column":127}}],"line":82},"10":{"loc":{"start":{"line":82,"column":131},"end":{"line":82,"column":185}},"type":"binary-expr","locations":[{"start":{"line":82,"column":131},"end":{"line":82,"column":147}},{"start":{"line":82,"column":151},"end":{"line":82,"column":185}}],"line":82},"11":{"loc":{"start":{"line":87,"column":34},"end":{"line":87,"column":71}},"type":"cond-expr","locations":[{"start":{"line":87,"column":53},"end":{"line":87,"column":59}},{"start":{"line":87,"column":62},"end":{"line":87,"column":71}}],"line":87},"12":{"loc":{"start":{"line":90,"column":11},"end":{"line":90,"column":85}},"type":"binary-expr","locations":[{"start":{"line":90,"column":11},"end":{"line":90,"column":27}},{"start":{"line":90,"column":31},"end":{"line":90,"column":85}}],"line":90}},"s":{"0":0,"1":0,"2":0,"3":0,"4":0,"5":0,"6":0,"7":0,"8":0,"9":0,"10":0,"11":0,"12":0,"13":0,"14":0,"15":0,"16":0,"17":0,"18":0,"19":0,"20":0,"21":0,"22":0,"23":0,"24":0,"25":0,"26":0,"27":0,"28":0,"29":0,"30":0,"31":0,"32":0,"33":0,"34":0,"35":0,"36":0,"37":0},"f":{"0":0,"1":0,"2":0,"3":0,"4":0,"5":0,"6":0,"7":0},"b":{"0":[0,0],"1":[0,0],"2":[0,0],"3":[0,0],"4":[0,0],"5":[0,0],"6":[0,0],"7":[0,0],"8":[0,0],"9":[0,0],"10":[0,0],"11":[0,0],"12":[0,0]}}
,"C:\\Users\\Pc\\Documents\\GitHub\\PDF-Reader\\mobile\\app\\screens\\compress.tsx": {"path":"C:\\Users\\Pc\\Documents\\GitHub\\PDF-Reader\\mobile\\app\\screens\\compress.tsx","statementMap":{"0":{"start":{"line":10,"column":21},"end":{"line":10,"column":34}},"1":{"start":{"line":11,"column":28},"end":{"line":11,"column":48}},"2":{"start":{"line":12,"column":38},"end":{"line":12,"column":53}},"3":{"start":{"line":13,"column":38},"end":{"line":13,"column":52}},"4":{"start":{"line":14,"column":34},"end":{"line":14,"column":49}},"5":{"start":{"line":15,"column":36},"end":{"line":15,"column":51}},"6":{"start":{"line":17,"column":20},"end":{"line":17,"column":44}},"7":{"start":{"line":18,"column":17},"end":{"line":18,"column":47}},"8":{"start":{"line":19,"column":18},"end":{"line":19,"column":45}},"9":{"start":{"line":20,"column":17},"end":{"line":20,"column":26}},"10":{"start":{"line":21,"column":22},"end":{"line":21,"column":46}},"11":{"start":{"line":23,"column":42},"end":{"line":23,"column":54}},"12":{"start":{"line":24,"column":50},"end":{"line":24,"column":62}},"13":{"start":{"line":25,"column":16},"end":{"line":25,"column":40}},"14":{"start":{"line":27,"column":18},"end":{"line":33,"column":3}},"15":{"start":{"line":35,"column":25},"end":{"line":44,"column":3}},"16":{"start":{"line":36,"column":4},"end":{"line":43,"column":5}},"17":{"start":{"line":37,"column":21},"end":{"line":37,"column":42}},"18":{"start":{"line":38,"column":6},"end":{"line":38,"column":26}},"19":{"start":{"line":38,"column":19},"end":{"line":38,"column":26}},"20":{"start":{"line":39,"column":6},"end":{"line":39,"column":35}},"21":{"start":{"line":40,"column":6},"end":{"line":40,"column":39}},"22":{"start":{"line":42,"column":6},"end":{"line":42,"column":50}},"23":{"start":{"line":46,"column":25},"end":{"line":65,"column":3}},"24":{"start":{"line":47,"column":4},"end":{"line":47,"column":73}},"25":{"start":{"line":47,"column":23},"end":{"line":47,"column":73}},"26":{"start":{"line":48,"column":4},"end":{"line":48,"column":28}},"27":{"start":{"line":49,"column":23},"end":{"line":49,"column":61}},"28":{"start":{"line":50,"column":4},"end":{"line":50,"column":49}},"29":{"start":{"line":51,"column":4},"end":{"line":51,"column":47}},"30":{"start":{"line":51,"column":27},"end":{"line":51,"column":45}},"31":{"start":{"line":52,"column":4},"end":{"line":52,"column":70}},"32":{"start":{"line":55,"column":14},"end":{"line":55,"column":40}},"33":{"start":{"line":56,"column":14},"end":{"line":56,"column":39}},"34":{"start":{"line":58,"column":4},"end":{"line":58,"column":96}},"35":{"start":{"line":59,"column":4},"end":{"line":59,"column":51}},"36":{"start":{"line":60,"column":4},"end":{"line":60,"column":47}},"37":{"start":{"line":60,"column":27},"end":{"line":60,"column":45}},"38":{"start":{"line":61,"column":4},"end":{"line":61,"column":49}},"39":{"start":{"line":62,"column":4},"end":{"line":62,"column":47}},"40":{"start":{"line":62,"column":27},"end":{"line":62,"column":45}},"41":{"start":{"line":63,"column":4},"end":{"line":63,"column":45}},"42":{"start":{"line":64,"column":4},"end":{"line":64,"column":22}},"43":{"start":{"line":67,"column":2},"end":{"line":138,"column":4}},"44":{"start":{"line":83,"column":41},"end":{"line":83,"column":67}},"45":{"start":{"line":92,"column":10},"end":{"line":107,"column":29}},"46":{"start":{"line":98,"column":27},"end":{"line":98,"column":41}},"47":{"start":{"line":128,"column":95},"end":{"line":128,"column":119}},"48":{"start":{"line":141,"column":15},"end":{"line":151,"column":2}}},"fnMap":{"0":{"name":"CompressScreen","decl":{"start":{"line":9,"column":24},"end":{"line":9,"column":38}},"loc":{"start":{"line":9,"column":41},"end":{"line":139,"column":1}},"line":9},"1":{"name":"(anonymous_1)","decl":{"start":{"line":35,"column":25},"end":{"line":35,"column":26}},"loc":{"start":{"line":35,"column":37},"end":{"line":44,"column":3}},"line":35},"2":{"name":"(anonymous_2)","decl":{"start":{"line":46,"column":25},"end":{"line":46,"column":26}},"loc":{"start":{"line":46,"column":86},"end":{"line":65,"column":3}},"line":46},"3":{"name":"(anonymous_3)","decl":{"start":{"line":51,"column":22},"end":{"line":51,"column":23}},"loc":{"start":{"line":51,"column":27},"end":{"line":51,"column":45}},"line":51},"4":{"name":"(anonymous_4)","decl":{"start":{"line":60,"column":22},"end":{"line":60,"column":23}},"loc":{"start":{"line":60,"column":27},"end":{"line":60,"column":45}},"line":60},"5":{"name":"(anonymous_5)","decl":{"start":{"line":62,"column":22},"end":{"line":62,"column":23}},"loc":{"start":{"line":62,"column":27},"end":{"line":62,"column":45}},"line":62},"6":{"name":"(anonymous_6)","decl":{"start":{"line":83,"column":35},"end":{"line":83,"column":36}},"loc":{"start":{"line":83,"column":41},"end":{"line":83,"column":67}},"line":83},"7":{"name":"(anonymous_7)","decl":{"start":{"line":91,"column":20},"end":{"line":91,"column":21}},"loc":{"start":{"line":92,"column":10},"end":{"line":107,"column":29}},"line":92},"8":{"name":"(anonymous_8)","decl":{"start":{"line":98,"column":21},"end":{"line":98,"column":22}},"loc":{"start":{"line":98,"column":27},"end":{"line":98,"column":41}},"line":98},"9":{"name":"(anonymous_9)","decl":{"start":{"line":128,"column":89},"end":{"line":128,"column":90}},"loc":{"start":{"line":128,"column":95},"end":{"line":128,"column":119}},"line":128}},"branchMap":{"0":{"loc":{"start":{"line":17,"column":20},"end":{"line":17,"column":44}},"type":"cond-expr","locations":[{"start":{"line":17,"column":29},"end":{"line":17,"column":35}},{"start":{"line":17,"column":38},"end":{"line":17,"column":44}}],"line":17},"1":{"loc":{"start":{"line":18,"column":17},"end":{"line":18,"column":47}},"type":"cond-expr","locations":[{"start":{"line":18,"column":26},"end":{"line":18,"column":35}},{"start":{"line":18,"column":38},"end":{"line":18,"column":47}}],"line":18},"2":{"loc":{"start":{"line":19,"column":18},"end":{"line":19,"column":45}},"type":"cond-expr","locations":[{"start":{"line":19,"column":27},"end":{"line":19,"column":36}},{"start":{"line":19,"column":39},"end":{"line":19,"column":45}}],"line":19},"3":{"loc":{"start":{"line":21,"column":22},"end":{"line":21,"column":46}},"type":"cond-expr","locations":[{"start":{"line":21,"column":31},"end":{"line":21,"column":37}},{"start":{"line":21,"column":40},"end":{"line":21,"column":46}}],"line":21},"4":{"loc":{"start":{"line":25,"column":16},"end":{"line":25,"column":40}},"type":"cond-expr","locations":[{"start":{"line":25,"column":25},"end":{"line":25,"column":31}},{"start":{"line":25,"column":34},"end":{"line":25,"column":40}}],"line":25},"5":{"loc":{"start":{"line":38,"column":6},"end":{"line":38,"column":26}},"type":"if","locations":[{"start":{"line":38,"column":6},"end":{"line":38,"column":26}},{"start":{},"end":{}}],"line":38},"6":{"loc":{"start":{"line":47,"column":4},"end":{"line":47,"column":73}},"type":"if","locations":[{"start":{"line":47,"column":4},"end":{"line":47,"column":73}},{"start":{},"end":{}}],"line":47},"7":{"loc":{"start":{"line":55,"column":14},"end":{"line":55,"column":40}},"type":"binary-expr","locations":[{"start":{"line":55,"column":14},"end":{"line":55,"column":34}},{"start":{"line":55,"column":38},"end":{"line":55,"column":40}}],"line":55},"8":{"loc":{"start":{"line":56,"column":14},"end":{"line":56,"column":39}},"type":"binary-expr","locations":[{"start":{"line":56,"column":14},"end":{"line":56,"column":32}},{"start":{"line":56,"column":36},"end":{"line":56,"column":39}}],"line":56},"9":{"loc":{"start":{"line":58,"column":48},"end":{"line":58,"column":77}},"type":"cond-expr","locations":[{"start":{"line":58,"column":61},"end":{"line":58,"column":69}},{"start":{"line":58,"column":72},"end":{"line":58,"column":77}}],"line":58},"10":{"loc":{"start":{"line":76,"column":11},"end":{"line":76,"column":48}},"type":"binary-expr","locations":[{"start":{"line":76,"column":11},"end":{"line":76,"column":27}},{"start":{"line":76,"column":31},"end":{"line":76,"column":48}}],"line":76},"11":{"loc":{"start":{"line":78,"column":54},"end":{"line":78,"column":107}},"type":"cond-expr","locations":[{"start":{"line":78,"column":69},"end":{"line":78,"column":89}},{"start":{"line":78,"column":92},"end":{"line":78,"column":107}}],"line":78},"12":{"loc":{"start":{"line":85,"column":13},"end":{"line":85,"column":59}},"type":"cond-expr","locations":[{"start":{"line":85,"column":26},"end":{"line":85,"column":39}},{"start":{"line":85,"column":42},"end":{"line":85,"column":59}}],"line":85},"13":{"loc":{"start":{"line":90,"column":7},"end":{"line":126,"column":7}},"type":"cond-expr","locations":[{"start":{"line":91,"column":8},"end":{"line":108,"column":10}},{"start":{"line":110,"column":8},"end":{"line":125,"column":15}}],"line":90},"14":{"loc":{"start":{"line":95,"column":31},"end":{"line":95,"column":70}},"type":"cond-expr","locations":[{"start":{"line":95,"column":48},"end":{"line":95,"column":61}},{"start":{"line":95,"column":64},"end":{"line":95,"column":70}}],"line":95},"15":{"loc":{"start":{"line":96,"column":27},"end":{"line":96,"column":77}},"type":"cond-expr","locations":[{"start":{"line":96,"column":44},"end":{"line":96,"column":50}},{"start":{"line":96,"column":53},"end":{"line":96,"column":77}}],"line":96},"16":{"loc":{"start":{"line":96,"column":53},"end":{"line":96,"column":77}},"type":"cond-expr","locations":[{"start":{"line":96,"column":62},"end":{"line":96,"column":68}},{"start":{"line":96,"column":71},"end":{"line":96,"column":77}}],"line":96},"17":{"loc":{"start":{"line":102,"column":57},"end":{"line":102,"column":92}},"type":"cond-expr","locations":[{"start":{"line":102,"column":74},"end":{"line":102,"column":80}},{"start":{"line":102,"column":83},"end":{"line":102,"column":92}}],"line":102},"18":{"loc":{"start":{"line":104,"column":36},"end":{"line":104,"column":67}},"type":"cond-expr","locations":[{"start":{"line":104,"column":53},"end":{"line":104,"column":59}},{"start":{"line":104,"column":62},"end":{"line":104,"column":67}}],"line":104},"19":{"loc":{"start":{"line":106,"column":13},"end":{"line":106,"column":85}},"type":"binary-expr","locations":[{"start":{"line":106,"column":13},"end":{"line":106,"column":27}},{"start":{"line":106,"column":31},"end":{"line":106,"column":85}}],"line":106}},"s":{"0":0,"1":0,"2":0,"3":0,"4":0,"5":0,"6":0,"7":0,"8":0,"9":0,"10":0,"11":0,"12":0,"13":0,"14":0,"15":0,"16":0,"17":0,"18":0,"19":0,"20":0,"21":0,"22":0,"23":0,"24":0,"25":0,"26":0,"27":0,"28":0,"29":0,"30":0,"31":0,"32":0,"33":0,"34":0,"35":0,"36":0,"37":0,"38":0,"39":0,"40":0,"41":0,"42":0,"43":0,"44":0,"45":0,"46":0,"47":0,"48":0},"f":{"0":0,"1":0,"2":0,"3":0,"4":0,"5":0,"6":0,"7":0,"8":0,"9":0},"b":{"0":[0,0],"1":[0,0],"2":[0,0],"3":[0,0],"4":[0,0],"5":[0,0],"6":[0,0],"7":[0,0],"8":[0,0],"9":[0,0],"10":[0,0],"11":[0,0],"12":[0,0],"13":[0,0],"14":[0,0],"15":[0,0],"16":[0,0],"17":[0,0],"18":[0,0],"19":[0,0]}}
[...]
"(anonymous_3)","decl":{"start":{"line":13,"column":13},"end":{"line":13,"column":14}},"loc":{"start":{"line":13,"column":19},"end":{"line":13,"column":24}},"line":13},"4":{"name":"(anonymous_4)","decl":{"start":{"line":14,"column":13},"end":{"line":14,"column":14}},"loc":{"start":{"line":14,"column":19},"end":{"line":14,"column":24}},"line":14},"5":{"name":"(anonymous_5)","decl":{"start":{"line":15,"column":14},"end":{"line":15,"column":15}},"loc":{"start":{"line":15,"column":20},"end":{"line":15,"column":25}},"line":15},"6":{"name":"(anonymous_6)","decl":{"start":{"line":16,"column":16},"end":{"line":16,"column":17}},"loc":{"start":{"line":16,"column":22},"end":{"line":16,"column":27}},"line":16},"7":{"name":"(anonymous_7)","decl":{"start":{"line":17,"column":15},"end":{"line":17,"column":16}},"loc":{"start":{"line":17,"column":21},"end":{"line":17,"column":26}},"line":17},"8":{"name":"(anonymous_8)","decl":{"start":{"line":18,"column":13},"end":{"line":18,"column":14}},"loc":{"start":{"line":18,"column":19},"end":{"line":18,"column":24}},"line":18},"9":{"name":"(anonymous_9)","decl":{"start":{"line":19,"column":13},"end":{"line":19,"column":14}},"loc":{"start":{"line":19,"column":19},"end":{"line":19,"column":24}},"line":19},"10":{"name":"(anonymous_10)","decl":{"start":{"line":20,"column":17},"end":{"line":20,"column":18}},"loc":{"start":{"line":20,"column":23},"end":{"line":20,"column":28}},"line":20},"11":{"name":"(anonymous_11)","decl":{"start":{"line":21,"column":17},"end":{"line":21,"column":18}},"loc":{"start":{"line":21,"column":23},"end":{"line":21,"column":28}},"line":21},"12":{"name":"(anonymous_12)","decl":{"start":{"line":22,"column":15},"end":{"line":22,"column":16}},"loc":{"start":{"line":22,"column":21},"end":{"line":22,"column":26}},"line":22},"13":{"name":"(anonymous_13)","decl":{"start":{"line":26,"column":16},"end":{"line":26,"column":17}},"loc":{"start":{"line":26,"column":22},"end":{"line":26,"column":23}},"line":26},"14":{"name":"(anonymous_14)","decl":{"start":{"line":27,"column":20},"end":{"line":27,"column":21}},"loc":{"start":{"line":27,"column":26},"end":{"line":27,"column":31}},"line":27},"15":{"name":"(anonymous_15)","decl":{"start":{"line":28,"column":20},"end":{"line":28,"column":21}},"loc":{"start":{"line":28,"column":26},"end":{"line":28,"column":31}},"line":28},"16":{"name":"(anonymous_16)","decl":{"start":{"line":29,"column":21},"end":{"line":29,"column":22}},"loc":{"start":{"line":29,"column":27},"end":{"line":29,"column":37}},"line":29},"17":{"name":"(anonymous_17)","decl":{"start":{"line":30,"column":16},"end":{"line":30,"column":17}},"loc":{"start":{"line":30,"column":22},"end":{"line":30,"column":27}},"line":30},"18":{"name":"(anonymous_18)","decl":{"start":{"line":31,"column":16},"end":{"line":31,"column":17}},"loc":{"start":{"line":31,"column":22},"end":{"line":31,"column":27}},"line":31},"19":{"name":"(anonymous_19)","decl":{"start":{"line":32,"column":22},"end":{"line":32,"column":23}},"loc":{"start":{"line":32,"column":28},"end":{"line":32,"column":33}},"line":32},"20":{"name":"(anonymous_20)","decl":{"start":{"line":33,"column":19},"end":{"line":33,"column":20}},"loc":{"start":{"line":33,"column":25},"end":{"line":33,"column":30}},"line":33},"21":{"name":"(anonymous_21)","decl":{"start":{"line":34,"column":21},"end":{"line":34,"column":22}},"loc":{"start":{"line":34,"column":27},"end":{"line":34,"column":32}},"line":34},"22":{"name":"ensureAndroid","decl":{"start":{"line":37,"column":9},"end":{"line":37,"column":22}},"loc":{"start":{"line":37,"column":43},"end":{"line":41,"column":1}},"line":37},"23":{"name":"assertNativeSuccess","decl":{"start":{"line":43,"column":9},"end":{"line":43,"column":28}},"loc":{"start":{"line":43,"column":67},"end":{"line":47,"column":1}},"line":43},"24":{"name":"mergePdfs","decl":{"start":{"line":53,"column":22},"end":{"line":53,"column":31}},"loc":{"start":{"line":57,"column":19},"end":{"line":64,"column":1}},"line":57},"25":{"name":"splitPdf","decl":{"start":{"line":66,"column":22},"end":{"line":66,"column":30}},"loc":{"start":{"line":66,"column":103},"end":{"line":71,"column":1}},"line":66},"26":{"name":"compressPdf","decl":{"start":{"line":73,"column":22},"end":{"line":73,"column":33}},"loc":{"start":{"line":80,"column":20},"end":{"line":85,"column":1}},"line":80},"27":{"name":"rotatePdf","decl":{"start":{"line":87,"column":22},"end":{"line":87,"column":31}},"loc":{"start":{"line":92,"column":20},"end":{"line":97,"column":1}},"line":92},"28":{"name":"repairPdf","decl":{"start":{"line":99,"column":22},"end":{"line":99,"column":31}},"loc":{"start":{"line":99,"column":112},"end":{"line":104,"column":1}},"line":99},"29":{"name":"decryptPdf","decl":{"start":{"line":106,"column":22},"end":{"line":106,"column":32}},"loc":{"start":{"line":106,"column":108},"end":{"line":111,"column":1}},"line":106},"30":{"name":"reorderPages","decl":{"start":{"line":113,"column":22},"end":{"line":113,"column":34}},"loc":{"start":{"line":113,"column":112},"end":{"line":118,"column":1}},"line":113},"31":{"name":"removePages","decl":{"start":{"line":120,"column":22},"end":{"line":120,"column":33}},"loc":{"start":{"line":120,"column":116},"end":{"line":125,"column":1}},"line":120},"32":{"name":"resizePdf","decl":{"start":{"line":127,"column":22},"end":{"line":127,"column":31}},"loc":{"start":{"line":135,"column":20},"end":{"line":140,"column":1}},"line":135},"33":{"name":"nupLayout","decl":{"start":{"line":142,"column":22},"end":{"line":142,"column":31}},"loc":{"start":{"line":148,"column":20},"end":{"line":153,"column":1}},"line":148},"34":{"name":"createBooklet","decl":{"start":{"line":155,"column":22},"end":{"line":155,"column":35}},"loc":{"start":{"line":160,"column":20},"end":{"line":165,"column":1}},"line":160},"35":{"name":"fourUpBooklet","decl":{"start":{"line":167,"column":22},"end":{"line":167,"column":35}},"loc":{"start":{"line":171,"column":20},"end":{"line":176,"column":1}},"line":171},"36":{"name":"imagesToPdf","decl":{"start":{"line":178,"column":22},"end":{"line":178,"column":33}},"loc":{"start":{"line":184,"column":20},"end":{"line":192,"column":1}},"line":184},"37":{"name":"(anonymous_37)","decl":{"start":{"line":187,"column":30},"end":{"line":187,"column":31}},"loc":{"start":{"line":187,"column":40},"end":{"line":187,"column":82}},"line":187},"38":{"name":"(anonymous_38)","decl":{"start":{"line":188,"column":34},"end":{"line":188,"column":35}},"loc":{"start":{"line":188,"column":44},"end":{"line":188,"column":88}},"line":188},"39":{"name":"grayscalePdf","decl":{"start":{"line":198,"column":22},"end":{"line":198,"column":34}},"loc":{"start":{"line":198,"column":92},"end":{"line":203,"column":1}},"line":198},"40":{"name":"whiteningPdf","decl":{"start":{"line":205,"column":22},"end":{"line":205,"column":34}},"loc":{"start":{"line":209,"column":20},"end":{"line":214,"column":1}},"line":209},"41":{"name":"enhanceContrastPdf","decl":{"start":{"line":216,"column":22},"end":{"line":216,"column":40}},"loc":{"start":{"line":220,"column":20},"end":{"line":225,"column":1}},"line":220},"42":{"name":"invertColorsPdf","decl":{"start":{"line":227,"column":22},"end":{"line":227,"column":37}},"loc":{"start":{"line":227,"column":95},"end":{"line":232,"column":1}},"line":227},"43":{"name":"geminiAiWhitening","decl":{"start":{"line":234,"column":22},"end":{"line":234,"column":39}},"loc":{"start":{"line":234,"column":97},"end":{"line":239,"column":1}},"line":234},"44":{"name":"getPageCount","decl":{"start":{"line":245,"column":22},"end":{"line":245,"column":34}},"loc":{"start":{"line":245,"column":90},"end":{"line":248,"column":1}},"line":245},"45":{"name":"renderPageToImage","decl":{"start":{"line":250,"column":22},"end":{"line":250,"column":39}},"loc":{"start":{"line":255,"column":20},"end":{"line":258,"column":1}},"line":255},"46":{"name":"batchRenderPages","decl":{"start":{"line":260,"column":22},"end":{"line":260,"column":38}},"loc":{"start":{"line":266,"column":21},"end":{"line":282,"column":1}},"line":266}},"branchMap":{"0":{"loc":{"start":{"line":9,"column":24},"end":{"line":23,"column":1}},"type":"binary-expr","locations":[{"start":{"line":9,"column":24},"end":{"line":9,"column":48}},{"start":{"line":9,"column":52},"end":{"line":23,"column":1}}],"line":9},"1":{"loc":{"start":{"line":25,"column":25},"end":{"line":35,"column":1}},"type":"binary-expr","locations":[{"start":{"line":25,"column":25},"end":{"line":25,"column":50}},{"start":{"line":25,"column":54},"end":{"line":35,"column":1}}],"line":25},"2":{"loc":{"start":{"line":38,"column":2},"end":{"line":40,"column":3}},"type":"if","locations":[{"start":{"line":38,"column":2},"end":{"line":40,"column":3}},{"start":{},"end":{}}],"line":38},"3":{"loc":{"start":{"line":44,"column":2},"end":{"line":46,"column":3}},"type":"if","locations":[{"start":{"line":44,"column":2},"end":{"line":46,"column":3}},{"start":{},"end":{}}],"line":44},"4":{"loc":{"start":{"line":56,"column":2},"end":{"line":56,"column":31}},"type":"default-arg","locations":[{"start":{"line":56,"column":26},"end":{"line":56,"column":31}}],"line":56},"5":{"loc":{"start":{"line":60,"column":2},"end":{"line":62,"column":3}},"type":"if","locations":[{"start":{"line":60,"column":2},"end":{"line":62,"column":3}},{"start":{},"end":{}}],"line":60},"6":{"loc":{"start":{"line":60,"column":6},"end":{"line":60,"column":50}},"type":"binary-expr","locations":[{"start":{"line":60,"column":6},"end":{"line":60,"column":13}},{"start":{"line":60,"column":17},"end":{"line":60,"column":50}}],"line":60},"7":{"loc":{"start":{"line":76,"column":2},"end":{"line":76,"column":28}},"type":"default-arg","locations":[{"start":{"line":76,"column":18},"end":{"line":76,"column":28}}],"line":76},"8":{"loc":{"start":{"line":77,"column":2},"end":{"line":77,"column":25}},"type":"default-arg","locations":[{"start":{"line":77,"column":23},"end":{"line":77,"column":25}}],"line":77},"9":{"loc":{"start":{"line":78,"column":2},"end":{"line":78,"column":24}},"type":"default-arg","locations":[{"start":{"line":78,"column":21},"end":{"line":78,"column":24}}],"line":78},"10":{"loc":{"start":{"line":79,"column":2},"end":{"line":79,"column":28}},"type":"default-arg","locations":[{"start":{"line":79,"column":23},"end":{"line":79,"column":28}}],"line":79},"11":{"loc":{"start":{"line":94,"column":70},"end":{"line":94,"column":84}},"type":"binary-expr","locations":[{"start":{"line":94,"column":70},"end":{"line":94,"column":75}},{"start":{"line":94,"column":79},"end":{"line":94,"column":84}}],"line":94},"12":{"loc":{"start":{"line":99,"column":71},"end":{"line":99,"column":92}},"type":"default-arg","locations":[{"start":{"line":99,"column":90},"end":{"line":99,"column":92}}],"line":99},"13":{"loc":{"start":{"line":132,"column":2},"end":{"line":132,"column":21}},"type":"default-arg","locations":[{"start":{"line":132,"column":18},"end":{"line":132,"column":21}}],"line":132},"14":{"loc":{"start":{"line":133,"column":2},"end":{"line":133,"column":27}},"type":"default-arg","locations":[{"start":{"line":133,"column":19},"end":{"line":133,"column":27}}],"line":133},"15":{"loc":{"start":{"line":134,"column":2},"end":{"line":134,"column":27}},"type":"default-arg","locations":[{"start":{"line":134,"column":19},"end":{"line":134,"column":27}}],"line":134},"16":{"loc":{"start":{"line":147,"column":2},"end":{"line":147,"column":24}},"type":"default-arg","locations":[{"start":{"line":147,"column":21},"end":{"line":147,"column":24}}],"line":147},"17":{"loc":{"start":{"line":159,"column":2},"end":{"line":159,"column":29}},"type":"default-arg","locations":[{"start":{"line":159,"column":25},"end":{"line":159,"column":29}}],"line":159},"18":{"loc":{"start":{"line":182,"column":2},"end":{"line":182,"column":34}},"type":"default-arg","locations":[{"start":{"line":182,"column":24},"end":{"line":182,"column":34}}],"line":182},"19":{"loc":{"start":{"line":183,"column":2},"end":{"line":183,"column":23}},"type":"default-arg","locations":[{"start":{"line":183,"column":22},"end":{"line":183,"column":23}}],"line":183},"20":{"loc":{"start":{"line":187,"column":40},"end":{"line":187,"column":82}},"type":"cond-expr","locations":[{"start":{"line":187,"column":67},"end":{"line":187,"column":71}},{"start":{"line":187,"column":74},"end":{"line":187,"column":82}}],"line":187},"21":{"loc":{"start":{"line":188,"column":44},"end":{"line":188,"column":88}},"type":"cond-expr","locations":[{"start":{"line":188,"column":71},"end":{"line":188,"column":72}},{"start":{"line":188,"column":75},"end":{"line":188,"column":88}}],"line":188},"22":{"loc":{"start":{"line":247,"column":51},"end":{"line":247,"column":65}},"type":"binary-expr","locations":[{"start":{"line":247,"column":51},"end":{"line":247,"column":59}},{"start":{"line":247,"column":63},"end":{"line":247,"column":65}}],"line":247},"23":{"loc":{"start":{"line":254,"column":2},"end":{"line":254,"column":25}},"type":"default-arg","locations":[{"start":{"line":254,"column":21},"end":{"line":254,"column":25}}],"line":254},"24":{"loc":{"start":{"line":269,"column":21},"end":{"line":269,"column":102}},"type":"cond-expr","locations":[{"start":{"line":269,"column":68},"end":{"line":269,"column":90}},{"start":{"line":269,"column":93},"end":{"line":269,"column":102}}],"line":269},"25":{"loc":{"start":{"line":272,"column":14},"end":{"line":272,"column":48}},"type":"cond-expr","locations":[{"start":{"line":272,"column":33},"end":{"line":272,"column":39}},{"start":{"line":272,"column":42},"end":{"line":272,"column":48}}],"line":272}},"s":{"0":0,"1":0,"2":0,"3":0,"4":0,"5":0,"6":0,"7":0,"8":0,"9":0,"10":0,"11":0,"12":0,"13":0,"14":0,"15":0,"16":0,"17":0,"18":0,"19":0,"20":0,"21":0,"22":0,"23":0,"24":0,"25":0,"26":0,"27":0,"28":0,"29":0,"30":0,"31":0,"32":0,"33":0,"34":0,"35":0,"36":0,"37":0,"38":0,"39":0,"40":0,"41":0,"42":0,"43":0,"44":0,"45":0,"46":0,"47":0,"48":0,"49":0,"50":0,"51":0,"52":0,"53":0,"54":0,"55":0,"56":0,"57":0,"58":0,"59":0,"60":0,"61":0,"62":0,"63":0,"64":0,"65":0,"66":0,"67":0,"68":0,"69":0,"70":0,"71":0,"72":0,"73":0,"74":0,"75":0,"76":0,"77":0,"78":0,"79":0,"80":0,"81":0,"82":0,"83":0,"84":0,"85":0,"86":0,"87":0,"88":0,"89":0,"90":0,"91":0,"92":0,"93":0,"94":0,"95":0,"96":0,"97":0,"98":0,"99":0,"100":0,"101":0,"102":0,"103":0,"104":0,"105":0,"106":0,"107":0,"108":0,"109":0,"110":0,"111":0,"112":0,"113":0,"114":0,"115":0,"116":0,"117":0,"118":0,"119":0,"120":0},"f":{"0":0,"1":0,"2":0,"3":0,"4":0,"5":0,"6":0,"7":0,"8":0,"9":0,"10":0,"11":0,"12":0,"13":0,"14":0,"15":0,"16":0,"17":0,"18":0,"19":0,"20":0,"21":0,"22":0,"23":0,"24":0,"25":0,"26":0,"27":0,"28":0,"29":0,"30":0,"31":0,"32":0,"33":0,"34":0,"35":0,"36":0,"37":0,"38":0,"39":0,"40":0,"41":0,"42":0,"43":0,"44":0,"45":0,"46":0},"b":{"0":[0,0],"1":[0,0],"2":[0,0],"3":[0,0],"4":[0],"5":[0,0],"6":[0,0],"7":[0],"8":[0],"9":[0],"10":[0],"11":[0,0],"12":[0],"13":[0],"14":[0],"15":[0],"16":[0],"17":[0],"18":[0],"19":[0],"20":[0,0],"21":[0,0],"22":[0,0],"23":[0],"24":[0,0],"25":[0,0]}}
,"C:\\Users\\Pc\\Documents\\GitHub\\PDF-Reader\\mobile\\app\\utils\\outputPath.ts": {"path":"C:\\Users\\Pc\\Documents\\GitHub\\PDF-Reader\\mobile\\app\\utils\\outputPath.ts","statementMap":{"0":{"start":{"line":4,"column":15},"end":{"line":4,"column":57}},"1":{"start":{"line":5,"column":2},"end":{"line":5,"column":44}},"2":{"start":{"line":9,"column":14},"end":{"line":9,"column":77}},"3":{"start":{"line":10,"column":15},"end":{"line":10,"column":49}},"4":{"start":{"line":11,"column":2},"end":{"line":13,"column":3}},"5":{"start":{"line":12,"column":4},"end":{"line":12,"column":70}}},"fnMap":{"0":{"name":"getOutputPath","decl":{"start":{"line":3,"column":16},"end":{"line":3,"column":29}},"loc":{"start":{"line":3,"column":56},"end":{"line":6,"column":1}},"line":3},"1":{"name":"ensureOutputDir","decl":{"start":{"line":8,"column":22},"end":{"line":8,"column":37}},"loc":{"start":{"line":8,"column":55},"end":{"line":14,"column":1}},"line":8}},"branchMap":{"0":{"loc":{"start":{"line":4,"column":15},"end":{"line":4,"column":57}},"type":"binary-expr","locations":[{"start":{"line":4,"column":15},"end":{"line":4,"column":43}},{"start":{"line":4,"column":47},"end":{"line":4,"column":57}}],"line":4},"1":{"loc":{"start":{"line":9,"column":15},"end":{"line":9,"column":57}},"type":"binary-expr","locations":[{"start":{"line":9,"column":15},"end":{"line":9,"column":43}},{"start":{"line":9,"column":47},"end":{"line":9,"column":57}}],"line":9},"2":{"loc":{"start":{"line":11,"column":2},"end":{"line":13,"column":3}},"type":"if","locations":[{"start":{"line":11,"column":2},"end":{"line":13,"column":3}},{"start":{},"end":{}}],"line":11}},"s":{"0":0,"1":0,"2":0,"3":0,"4":0,"5":0},"f":{"0":0,"1":0},"b":{"0":[0,0],"1":[0,0],"2":[0,0]}}
,"C:\\Users\\Pc\\Documents\\GitHub\\PDF-Reader\\mobile\\app\\utils\\paddleOcrService.ts": {"path":"C:\\Users\\Pc\\Documents\\GitHub\\PDF-Reader\\mobile\\app\\utils\\paddleOcrService.ts","statementMap":{"0":{"start":{"line":14,"column":24},"end":{"line":14,"column":53}},"1":{"start":{"line":38,"column":2},"end":{"line":40,"column":3}},"2":{"start":{"line":39,"column":4},"end":{"line":39,"column":64}},"3":{"start":{"line":42,"column":57},"end":{"line":42,"column":64}},"4":{"start":{"line":45,"column":21},"end":{"line":51,"column":3}},"5":{"start":{"line":50,"column":21},"end":{"line":50,"column":59}},"6":{"start":{"line":54,"column":31},"end":{"line":54,"column":33}},"7":{"start":{"line":56,"column":2},"end":{"line":78,"column":3}},"8":{"start":{"line":56,"column":15},"end":{"line":56,"column":16}},"9":{"start":{"line":57,"column":22},"end":{"line":57,"column":35}},"10":{"start":{"line":58,"column":4},"end":{"line":58,"column":58}},"11":{"start":{"line":60,"column":4},"end":{"line":77,"column":5}},"12":{"start":{"line":63,"column":24},"end":{"line":63,"column":81}},"13":{"start":{"line":65,"column":6},"end":{"line":69,"column":9}},"14":{"start":{"line":72,"column":6},"end":{"line":76,"column":9}},"15":{"start":{"line":80,"column":2},"end":{"line":80,"column":17}},"16":{"start":{"line":87,"column":2},"end":{"line":90,"column":18}},"17":{"start":{"line":88,"column":20},"end":{"line":88,"column":47}},"18":{"start":{"line":89,"column":14},"end":{"line":89,"column":55}}},"fnMap":{"0":{"name":"performOfflineOcr","decl":{"start":{"line":37,"column":22},"end":{"line":37,"column":39}},"loc":{"start":{"line":37,"column":90},"end":{"line":81,"column":1}},"line":37},"1":{"name":"(anonymous_1)","decl":{"start":{"line":50,"column":4},"end":{"line":50,"column":5}},"loc":{"start":{"line":50,"column":21},"end":{"line":50,"column":59}},"line":50},"2":{"name":"combineOcrResults","decl":{"start":{"line":86,"column":16},"end":{"line":86,"column":33}},"loc":{"start":{"line":86,"column":64},"end":{"line":91,"column":1}},"line":86},"3":{"name":"(anonymous_3)","decl":{"start":{"line":88,"column":10},"end":{"line":88,"column":11}},"loc":{"start":{"line":88,"column":20},"end":{"line":88,"column":47}},"line":88},"4":{"name":"(anonymous_4)","decl":{"start":{"line":89,"column":9},"end":{"line":89,"column":10}},"loc":{"start":{"line":89,"column":14},"end":{"line":89,"column":55}},"line":89}},"branchMap":{"0":{"loc":{"start":{"line":38,"column":2},"end":{"line":40,"column":3}},"type":"if","locations":[{"start":{"line":38,"column":2},"end":{"line":40,"column":3}},{"start":{},"end":{}}],"line":38},"1":{"loc":{"start":{"line":67,"column":14},"end":{"line":67,"column":35}},"type":"binary-expr","locations":[{"start":{"line":67,"column":14},"end":{"line":67,"column":29}},{"start":{"line":67,"column":33},"end":{"line":67,"column":35}}],"line":67},"2":{"loc":{"start":{"line":68,"column":20},"end":{"line":68,"column":46}},"type":"binary-expr","locations":[{"start":{"line":68,"column":20},"end":{"line":68,"column":41}},{"start":{"line":68,"column":45},"end":{"line":68,"column":46}}],"line":68}},"s":{"0":0,"1":0,"2":0,"3":0,"4":0,"5":0,"6":0,"7":0,"8":0,"9":0,"10":0,"11":0,"12":0,"13":0,"14":0,"15":0,"16":0,"17":0,"18":0},"f":{"0":0,"1":0,"2":0,"3":0,"4":0},"b":{"0":[0,0],"1":[0,0],"2":[0,0]}}
}
